<?xml version="1.0" encoding="UTF-8"?>
<robot generator="Robot 5.1a2 (Python 3.8.7 on win32)" generated="20220831 17:02:57.630" rpa="false" schemaversion="3">
<suite id="s1" name="Skc" source="G:\Ada V.5.0\ADA SKC\pj\skc.robot">
<test id="s1-t1" name="Login_SC" line="14">
<kw name="Run Keywords" library="BuiltIn" type="SETUP">
<arg>Open Browser</arg>
<arg>${URL}</arg>
<arg>${BROWSER}</arg>
<arg>AND</arg>
<arg>Set Selenium Speed</arg>
<arg>${SELSPEED}</arg>
<doc>Executes all the given keywords in a sequence.</doc>
<kw name="Open Browser" library="Selenium2Library">
<arg>${URL}</arg>
<arg>${BROWSER}</arg>
<doc>Opens a new browser instance to the optional ``url``.</doc>
<msg timestamp="20220831 17:02:57.879" level="INFO">Opening browser 'chrome' to base url 'https://dev.ada-soft.com/AdaSiamKubota/login'.</msg>
<status status="PASS" starttime="20220831 17:02:57.879" endtime="20220831 17:03:01.214"/>
</kw>
<kw name="Set Selenium Speed" library="Selenium2Library">
<arg>${SELSPEED}</arg>
<doc>Sets the delay that is waited after each Selenium command.</doc>
<status status="PASS" starttime="20220831 17:03:01.214" endtime="20220831 17:03:01.215"/>
</kw>
<status status="PASS" starttime="20220831 17:02:57.878" endtime="20220831 17:03:01.215"/>
</kw>
<kw name="Maximize Browser Window" library="Selenium2Library">
<doc>Maximizes current browser window.</doc>
<status status="PASS" starttime="20220831 17:03:01.216" endtime="20220831 17:03:01.649"/>
</kw>
<kw name="type">
<arg>id=oetUsername</arg>
<arg>${USERNAME}</arg>
<kw name="Input Text" library="Selenium2Library">
<arg>${element}</arg>
<arg>${value}</arg>
<doc>Types the given ``text`` into the text field identified by ``locator``.</doc>
<msg timestamp="20220831 17:03:01.650" level="INFO">Typing text '009' into text field 'id=oetUsername'.</msg>
<status status="PASS" starttime="20220831 17:03:01.650" endtime="20220831 17:03:02.692"/>
</kw>
<status status="PASS" starttime="20220831 17:03:01.649" endtime="20220831 17:03:02.692"/>
</kw>
<kw name="type">
<arg>id=oetPassword</arg>
<arg>${PASSWORD}</arg>
<kw name="Input Text" library="Selenium2Library">
<arg>${element}</arg>
<arg>${value}</arg>
<doc>Types the given ``text`` into the text field identified by ``locator``.</doc>
<msg timestamp="20220831 17:03:02.694" level="INFO">Typing text '123456' into text field 'id=oetPassword'.</msg>
<status status="PASS" starttime="20220831 17:03:02.693" endtime="20220831 17:03:03.721"/>
</kw>
<status status="PASS" starttime="20220831 17:03:02.693" endtime="20220831 17:03:03.721"/>
</kw>
<kw name="Get WebElement" library="Selenium2Library">
<var>${ECK}</var>
<arg>xpath=//button[@id='obtLOGConfirmLogin']/span</arg>
<doc>Returns the first WebElement matching the given ``locator``.</doc>
<msg timestamp="20220831 17:03:04.048" level="INFO">${ECK} = &lt;selenium.webdriver.remote.webelement.WebElement (session="837de191425ee8e65fba3c1bbaf2d856", element="cc5bc176-58f5-408d-be77-634c00f4968b")&gt;</msg>
<status status="PASS" starttime="20220831 17:03:03.722" endtime="20220831 17:03:04.048"/>
</kw>
<kw name="Execute Javascript" library="Selenium2Library">
<arg>arguments[0].click();</arg>
<arg>ARGUMENTS</arg>
<arg>${ECK}</arg>
<doc>Executes the given JavaScript code with possible arguments.</doc>
<msg timestamp="20220831 17:03:04.050" level="INFO">Executing JavaScript:
arguments[0].click();
By using argument:
'&lt;selenium.webdriver.remote.webelement.WebElement (session="837de191425ee8e65fba3c1bbaf2d856", element="cc5bc176-58f5-408d-be77-634c00f4968b")&gt;'</msg>
<status status="PASS" starttime="20220831 17:03:04.049" endtime="20220831 17:03:04.376"/>
</kw>
<kw name="Wait Until Page Contains" library="Selenium2Library">
<arg>บริษัทสยามคูโบต้าคอร์ปอเรชั่น จำกัด</arg>
<arg>50</arg>
<doc>Waits until ``text`` appears on the current page.</doc>
<status status="PASS" starttime="20220831 17:03:04.376" endtime="20220831 17:03:14.422"/>
</kw>
<kw name="Get Text" library="Selenium2Library">
<var>${response}</var>
<arg>xpath=//*[@id="spnCompanyName"]</arg>
<doc>Returns the text value of the element identified by ``locator``.</doc>
<msg timestamp="20220831 17:03:15.076" level="INFO">${response} = บริษัทสยามคูโบต้าคอร์ปอเรชั่น จำกัด</msg>
<status status="PASS" starttime="20220831 17:03:14.423" endtime="20220831 17:03:15.076"/>
</kw>
<kw name="Should Be Equal As Strings" library="BuiltIn">
<arg>${response}</arg>
<arg>บริษัทสยามคูโบต้าคอร์ปอเรชั่น จำกัด</arg>
<doc>Fails if objects are unequal after converting them to strings.</doc>
<status status="PASS" starttime="20220831 17:03:15.077" endtime="20220831 17:03:15.078"/>
</kw>
<kw name="Close Browser" library="Selenium2Library" type="TEARDOWN">
<doc>Closes the current browser.</doc>
<status status="PASS" starttime="20220831 17:03:15.079" endtime="20220831 17:03:17.467"/>
</kw>
<status status="PASS" starttime="20220831 17:02:57.877" endtime="20220831 17:03:17.468"/>
</test>
<test id="s1-t2" name="Login_FC" line="29">
<kw name="Run Keywords" library="BuiltIn" type="SETUP">
<arg>Open Browser</arg>
<arg>${URL}</arg>
<arg>${BROWSER}</arg>
<arg>AND</arg>
<arg>Set Selenium Speed</arg>
<arg>${SELSPEED}</arg>
<doc>Executes all the given keywords in a sequence.</doc>
<kw name="Open Browser" library="Selenium2Library">
<arg>${URL}</arg>
<arg>${BROWSER}</arg>
<doc>Opens a new browser instance to the optional ``url``.</doc>
<msg timestamp="20220831 17:03:17.472" level="INFO">Opening browser 'chrome' to base url 'https://dev.ada-soft.com/AdaSiamKubota/login'.</msg>
<status status="PASS" starttime="20220831 17:03:17.471" endtime="20220831 17:03:20.794"/>
</kw>
<kw name="Set Selenium Speed" library="Selenium2Library">
<arg>${SELSPEED}</arg>
<doc>Sets the delay that is waited after each Selenium command.</doc>
<status status="PASS" starttime="20220831 17:03:20.794" endtime="20220831 17:03:20.795"/>
</kw>
<status status="PASS" starttime="20220831 17:03:17.470" endtime="20220831 17:03:20.795"/>
</kw>
<kw name="Maximize Browser Window" library="Selenium2Library">
<doc>Maximizes current browser window.</doc>
<status status="PASS" starttime="20220831 17:03:20.806" endtime="20220831 17:03:21.279"/>
</kw>
<kw name="type">
<arg>id=oetUsername</arg>
<arg>${USERNAME}</arg>
<kw name="Input Text" library="Selenium2Library">
<arg>${element}</arg>
<arg>${value}</arg>
<doc>Types the given ``text`` into the text field identified by ``locator``.</doc>
<msg timestamp="20220831 17:03:21.729" level="INFO">Typing text '009' into text field 'id=oetUsername'.</msg>
<status status="PASS" starttime="20220831 17:03:21.727" endtime="20220831 17:03:22.882"/>
</kw>
<status status="PASS" starttime="20220831 17:03:21.725" endtime="20220831 17:03:22.882"/>
</kw>
<kw name="type">
<arg>id=oetPassword</arg>
<arg>${NPASS}</arg>
<kw name="Input Text" library="Selenium2Library">
<arg>${element}</arg>
<arg>${value}</arg>
<doc>Types the given ``text`` into the text field identified by ``locator``.</doc>
<msg timestamp="20220831 17:03:22.883" level="INFO">Typing text '123456789' into text field 'id=oetPassword'.</msg>
<status status="PASS" starttime="20220831 17:03:22.883" endtime="20220831 17:03:23.896"/>
</kw>
<status status="PASS" starttime="20220831 17:03:22.883" endtime="20220831 17:03:23.896"/>
</kw>
<kw name="Get WebElement" library="Selenium2Library">
<var>${ECK}</var>
<arg>xpath=//button[@id='obtLOGConfirmLogin']/span</arg>
<doc>Returns the first WebElement matching the given ``locator``.</doc>
<msg timestamp="20220831 17:03:24.222" level="INFO">${ECK} = &lt;selenium.webdriver.remote.webelement.WebElement (session="96f986e2c9f22cd0f9e4c342d208f1dd", element="4063bbfd-1fef-4aff-bdbf-70ea96ee52fa")&gt;</msg>
<status status="PASS" starttime="20220831 17:03:23.896" endtime="20220831 17:03:24.222"/>
</kw>
<kw name="Execute Javascript" library="Selenium2Library">
<arg>arguments[0].click();</arg>
<arg>ARGUMENTS</arg>
<arg>${ECK}</arg>
<doc>Executes the given JavaScript code with possible arguments.</doc>
<msg timestamp="20220831 17:03:24.224" level="INFO">Executing JavaScript:
arguments[0].click();
By using argument:
'&lt;selenium.webdriver.remote.webelement.WebElement (session="96f986e2c9f22cd0f9e4c342d208f1dd", element="4063bbfd-1fef-4aff-bdbf-70ea96ee52fa")&gt;'</msg>
<status status="PASS" starttime="20220831 17:03:24.223" endtime="20220831 17:03:24.535"/>
</kw>
<kw name="Wait Until Element Is Visible" library="Selenium2Library">
<arg>xpath=//*[@id="ospUsrOrPwNotCorrect"]</arg>
<arg>20</arg>
<doc>Waits until the element ``locator`` is visible.</doc>
<status status="PASS" starttime="20220831 17:03:24.536" endtime="20220831 17:03:25.189"/>
</kw>
<kw name="Wait Until Page Contains" library="Selenium2Library">
<arg>ชื่อผู้ใช้หรือรหัสผ่านไม่ถูกต้อง</arg>
<arg>50</arg>
<doc>Waits until ``text`` appears on the current page.</doc>
<status status="PASS" starttime="20220831 17:03:25.190" endtime="20220831 17:03:25.518"/>
</kw>
<kw name="Get Text" library="Selenium2Library">
<var>${response}</var>
<arg>xpath=//*[@id="ospUsrOrPwNotCorrect"]</arg>
<doc>Returns the text value of the element identified by ``locator``.</doc>
<msg timestamp="20220831 17:03:26.194" level="INFO">${response} = ชื่อผู้ใช้หรือรหัสผ่านไม่ถูกต้อง</msg>
<status status="PASS" starttime="20220831 17:03:25.518" endtime="20220831 17:03:26.194"/>
</kw>
<kw name="Should Be Equal As Strings" library="BuiltIn">
<arg>${response}</arg>
<arg>ชื่อผู้ใช้หรือรหัสผ่านไม่ถูกต้อง</arg>
<doc>Fails if objects are unequal after converting them to strings.</doc>
<status status="PASS" starttime="20220831 17:03:26.195" endtime="20220831 17:03:26.195"/>
</kw>
<kw name="Close Browser" library="Selenium2Library" type="TEARDOWN">
<doc>Closes the current browser.</doc>
<status status="PASS" starttime="20220831 17:03:26.196" endtime="20220831 17:03:28.839"/>
</kw>
<status status="PASS" starttime="20220831 17:03:17.469" endtime="20220831 17:03:28.879"/>
</test>
<test id="s1-t3" name="AD_Create_SC" line="45">
<kw name="Run Keywords" library="BuiltIn" type="SETUP">
<arg>Open Browser</arg>
<arg>${URL}</arg>
<arg>${BROWSER}</arg>
<arg>AND</arg>
<arg>Set Selenium Speed</arg>
<arg>${SELSPEED}</arg>
<doc>Executes all the given keywords in a sequence.</doc>
<kw name="Open Browser" library="Selenium2Library">
<arg>${URL}</arg>
<arg>${BROWSER}</arg>
<doc>Opens a new browser instance to the optional ``url``.</doc>
<msg timestamp="20220831 17:03:28.918" level="INFO">Opening browser 'chrome' to base url 'https://dev.ada-soft.com/AdaSiamKubota/login'.</msg>
<status status="PASS" starttime="20220831 17:03:28.917" endtime="20220831 17:03:32.796"/>
</kw>
<kw name="Set Selenium Speed" library="Selenium2Library">
<arg>${SELSPEED}</arg>
<doc>Sets the delay that is waited after each Selenium command.</doc>
<status status="PASS" starttime="20220831 17:03:32.796" endtime="20220831 17:03:32.797"/>
</kw>
<status status="PASS" starttime="20220831 17:03:28.916" endtime="20220831 17:03:32.798"/>
</kw>
<kw name="Maximize Browser Window" library="Selenium2Library">
<doc>Maximizes current browser window.</doc>
<status status="PASS" starttime="20220831 17:03:32.798" endtime="20220831 17:03:33.248"/>
</kw>
<kw name="type">
<arg>id=oetUsername</arg>
<arg>${USERNAME}</arg>
<kw name="Input Text" library="Selenium2Library">
<arg>${element}</arg>
<arg>${value}</arg>
<doc>Types the given ``text`` into the text field identified by ``locator``.</doc>
<msg timestamp="20220831 17:03:33.249" level="INFO">Typing text '009' into text field 'id=oetUsername'.</msg>
<status status="PASS" starttime="20220831 17:03:33.249" endtime="20220831 17:03:34.406"/>
</kw>
<status status="PASS" starttime="20220831 17:03:33.248" endtime="20220831 17:03:34.406"/>
</kw>
<kw name="type">
<arg>id=oetPassword</arg>
<arg>${PASSWORD}</arg>
<kw name="Input Text" library="Selenium2Library">
<arg>${element}</arg>
<arg>${value}</arg>
<doc>Types the given ``text`` into the text field identified by ``locator``.</doc>
<msg timestamp="20220831 17:03:34.408" level="INFO">Typing text '123456' into text field 'id=oetPassword'.</msg>
<status status="PASS" starttime="20220831 17:03:34.408" endtime="20220831 17:03:35.878"/>
</kw>
<status status="PASS" starttime="20220831 17:03:34.407" endtime="20220831 17:03:35.878"/>
</kw>
<kw name="click">
<arg>xpath=//button[@id='obtLOGConfirmLogin']/span</arg>
<kw name="Click Element" library="Selenium2Library">
<arg>${element}</arg>
<doc>Click the element identified by ``locator``.</doc>
<msg timestamp="20220831 17:03:35.879" level="INFO">Clicking element 'xpath=//button[@id='obtLOGConfirmLogin']/span'.</msg>
<status status="PASS" starttime="20220831 17:03:35.879" endtime="20220831 17:03:36.550"/>
</kw>
<status status="PASS" starttime="20220831 17:03:35.879" endtime="20220831 17:03:36.550"/>
</kw>
<kw name="Wait Until Element Is Visible" library="Selenium2Library">
<arg>xpath=//*[@id="spnCompanyName"]</arg>
<arg>20</arg>
<doc>Waits until the element ``locator`` is visible.</doc>
<status status="PASS" starttime="20220831 17:03:36.551" endtime="20220831 17:03:41.885"/>
</kw>
<kw name="Wait Until Page Contains" library="Selenium2Library">
<arg>บริษัทสยามคูโบต้าคอร์ปอเรชั่น จำกัด</arg>
<arg>50</arg>
<doc>Waits until ``text`` appears on the current page.</doc>
<status status="PASS" starttime="20220831 17:03:41.885" endtime="20220831 17:03:42.225"/>
</kw>
<kw name="Get Text" library="Selenium2Library">
<var>${response}</var>
<arg>xpath=//*[@id="spnCompanyName"]</arg>
<doc>Returns the text value of the element identified by ``locator``.</doc>
<msg timestamp="20220831 17:03:42.877" level="INFO">${response} = บริษัทสยามคูโบต้าคอร์ปอเรชั่น จำกัด</msg>
<status status="PASS" starttime="20220831 17:03:42.226" endtime="20220831 17:03:42.877"/>
</kw>
<kw name="Should Be Equal As Strings" library="BuiltIn">
<arg>${response}</arg>
<arg>บริษัทสยามคูโบต้าคอร์ปอเรชั่น จำกัด</arg>
<doc>Fails if objects are unequal after converting them to strings.</doc>
<status status="PASS" starttime="20220831 17:03:42.878" endtime="20220831 17:03:42.878"/>
</kw>
<kw name="click">
<arg>xpath=//div[@id='wrapper']/div[2]/div[3]/button/img</arg>
<kw name="Click Element" library="Selenium2Library">
<arg>${element}</arg>
<doc>Click the element identified by ``locator``.</doc>
<msg timestamp="20220831 17:03:42.881" level="INFO">Clicking element 'xpath=//div[@id='wrapper']/div[2]/div[3]/button/img'.</msg>
<status status="PASS" starttime="20220831 17:03:42.880" endtime="20220831 17:03:43.565"/>
</kw>
<status status="PASS" starttime="20220831 17:03:42.880" endtime="20220831 17:03:43.567"/>
</kw>
<kw name="Wait Until Page Contains" library="Selenium2Library">
<arg>ข้อมูลหลัก</arg>
<arg>50</arg>
<doc>Waits until ``text`` appears on the current page.</doc>
<status status="PASS" starttime="20220831 17:03:43.569" endtime="20220831 17:03:43.923"/>
</kw>
<kw name="click">
<arg>xpath=//*[@id="oNavMenuMAS"]/ul/li/ul/li[3]/a/span</arg>
<kw name="Click Element" library="Selenium2Library">
<arg>${element}</arg>
<doc>Click the element identified by ``locator``.</doc>
<msg timestamp="20220831 17:03:43.924" level="INFO">Clicking element 'xpath=//*[@id="oNavMenuMAS"]/ul/li/ul/li[3]/a/span'.</msg>
<status status="PASS" starttime="20220831 17:03:43.924" endtime="20220831 17:03:44.593"/>
</kw>
<status status="PASS" starttime="20220831 17:03:43.924" endtime="20220831 17:03:44.593"/>
</kw>
<kw name="Wait Until Page Contains" library="Selenium2Library">
<arg>สื่อ,ข้อความ หน้าจอลูกค้า</arg>
<arg>50</arg>
<doc>Waits until ``text`` appears on the current page.</doc>
<status status="PASS" starttime="20220831 17:03:44.594" endtime="20220831 17:03:44.921"/>
</kw>
<kw name="Get Text" library="Selenium2Library">
<var>${response}</var>
<arg>xpath=//*[@id="MASSPS"]/ul/li[3]/a</arg>
<doc>Returns the text value of the element identified by ``locator``.</doc>
<msg timestamp="20220831 17:03:45.603" level="INFO">${response} = สื่อ,ข้อความ หน้าจอลูกค้า</msg>
<status status="PASS" starttime="20220831 17:03:44.922" endtime="20220831 17:03:45.603"/>
</kw>
<kw name="Should Be Equal As Strings" library="BuiltIn">
<arg>${response}</arg>
<arg>สื่อ,ข้อความ หน้าจอลูกค้า</arg>
<doc>Fails if objects are unequal after converting them to strings.</doc>
<status status="PASS" starttime="20220831 17:03:45.604" endtime="20220831 17:03:45.605"/>
</kw>
<kw name="click">
<arg>xpath=//*[@id="MASSPS"]/ul/li[3]/a</arg>
<kw name="Click Element" library="Selenium2Library">
<arg>${element}</arg>
<doc>Click the element identified by ``locator``.</doc>
<msg timestamp="20220831 17:03:45.607" level="INFO">Clicking element 'xpath=//*[@id="MASSPS"]/ul/li[3]/a'.</msg>
<status status="PASS" starttime="20220831 17:03:45.606" endtime="20220831 17:03:47.081"/>
</kw>
<status status="PASS" starttime="20220831 17:03:45.606" endtime="20220831 17:03:47.081"/>
</kw>
<kw name="Wait Until Page Contains" library="Selenium2Library">
<arg>ค้นหา</arg>
<arg>50</arg>
<doc>Waits until ``text`` appears on the current page.</doc>
<status status="PASS" starttime="20220831 17:03:47.082" endtime="20220831 17:03:47.421"/>
</kw>
<kw name="Sleep" library="BuiltIn">
<arg>5s</arg>
<doc>Pauses the test executed for the given time.</doc>
<msg timestamp="20220831 17:03:52.429" level="INFO">Slept 5 seconds</msg>
<status status="PASS" starttime="20220831 17:03:47.422" endtime="20220831 17:03:52.429"/>
</kw>
<kw name="click">
<arg>xpath=//*[@id="obtAdvAdd"]</arg>
<kw name="Click Element" library="Selenium2Library">
<arg>${element}</arg>
<doc>Click the element identified by ``locator``.</doc>
<msg timestamp="20220831 17:03:52.433" level="INFO">Clicking element 'xpath=//*[@id="obtAdvAdd"]'.</msg>
<status status="PASS" starttime="20220831 17:03:52.431" endtime="20220831 17:03:53.796"/>
</kw>
<status status="PASS" starttime="20220831 17:03:52.430" endtime="20220831 17:03:53.796"/>
</kw>
<kw name="Sleep" library="BuiltIn">
<arg>5s</arg>
<doc>Pauses the test executed for the given time.</doc>
<msg timestamp="20220831 17:03:58.806" level="INFO">Slept 5 seconds</msg>
<status status="PASS" starttime="20220831 17:03:53.797" endtime="20220831 17:03:58.806"/>
</kw>
<kw name="Wait Until Element Is Visible" library="Selenium2Library">
<arg>xpath=//*[@id="obtBarSubmitAdv"]/div/button[1]</arg>
<arg>20</arg>
<doc>Waits until the element ``locator`` is visible.</doc>
<status status="PASS" starttime="20220831 17:03:58.873" endtime="20220831 17:03:59.765"/>
</kw>
<kw name="Wait Until Page Contains" library="Selenium2Library">
<arg>รหัสโฆษณา</arg>
<arg>50</arg>
<doc>Waits until ``text`` appears on the current page.</doc>
<status status="PASS" starttime="20220831 17:03:59.812" endtime="20220831 17:04:00.331"/>
</kw>
<kw name="Wait Until Page Contains" library="Selenium2Library">
<arg>บันทึก</arg>
<arg>50</arg>
<doc>Waits until ``text`` appears on the current page.</doc>
<status status="PASS" starttime="20220831 17:04:00.336" endtime="20220831 17:04:00.970"/>
</kw>
<kw name="Get Text" library="Selenium2Library">
<var>${response}</var>
<arg>xpath=//*[@id="ofmAddAdMessage"]/div/div/div[1]/label</arg>
<doc>Returns the text value of the element identified by ``locator``.</doc>
<msg timestamp="20220831 17:04:01.966" level="INFO">${response} = * รหัสโฆษณา</msg>
<status status="PASS" starttime="20220831 17:04:01.030" endtime="20220831 17:04:01.966"/>
</kw>
<kw name="Should Be Equal As Strings" library="BuiltIn">
<arg>${response}</arg>
<arg>* รหัสโฆษณา</arg>
<doc>Fails if objects are unequal after converting them to strings.</doc>
<status status="PASS" starttime="20220831 17:04:02.003" endtime="20220831 17:04:02.003"/>
</kw>
<kw name="click">
<arg>id=oetAdvName</arg>
<kw name="Click Element" library="Selenium2Library">
<arg>${element}</arg>
<doc>Click the element identified by ``locator``.</doc>
<msg timestamp="20220831 17:04:02.007" level="INFO">Clicking element 'id=oetAdvName'.</msg>
<status status="PASS" starttime="20220831 17:04:02.006" endtime="20220831 17:04:03.479"/>
</kw>
<status status="PASS" starttime="20220831 17:04:02.005" endtime="20220831 17:04:03.480"/>
</kw>
<kw name="Input Text" library="Selenium2Library">
<arg>id=oetAdvName</arg>
<arg>AD TEST</arg>
<doc>Types the given ``text`` into the text field identified by ``locator``.</doc>
<msg timestamp="20220831 17:04:03.514" level="INFO">Typing text 'AD TEST' into text field 'id=oetAdvName'.</msg>
<status status="PASS" starttime="20220831 17:04:03.514" endtime="20220831 17:04:04.747"/>
</kw>
<kw name="click">
<arg>id=oetAdvMsg</arg>
<kw name="Click Element" library="Selenium2Library">
<arg>${element}</arg>
<doc>Click the element identified by ``locator``.</doc>
<msg timestamp="20220831 17:04:04.749" level="INFO">Clicking element 'id=oetAdvMsg'.</msg>
<status status="PASS" starttime="20220831 17:04:04.749" endtime="20220831 17:04:05.484"/>
</kw>
<status status="PASS" starttime="20220831 17:04:04.748" endtime="20220831 17:04:05.484"/>
</kw>
<kw name="Input Text" library="Selenium2Library">
<arg>id=oetAdvMsg</arg>
<arg>สื่อโฆษณาทั่วไป</arg>
<doc>Types the given ``text`` into the text field identified by ``locator``.</doc>
<msg timestamp="20220831 17:04:05.495" level="INFO">Typing text 'สื่อโฆษณาทั่วไป' into text field 'id=oetAdvMsg'.</msg>
<status status="PASS" starttime="20220831 17:04:05.495" endtime="20220831 17:04:07.408"/>
</kw>
<kw name="Sleep" library="BuiltIn">
<arg>5s</arg>
<doc>Pauses the test executed for the given time.</doc>
<msg timestamp="20220831 17:04:12.428" level="INFO">Slept 5 seconds</msg>
<status status="PASS" starttime="20220831 17:04:07.414" endtime="20220831 17:04:12.428"/>
</kw>
<kw name="Wait Until Element Is Visible" library="Selenium2Library">
<arg>xpath=//button[@type='submit']</arg>
<doc>Waits until the element ``locator`` is visible.</doc>
<status status="PASS" starttime="20220831 17:04:12.429" endtime="20220831 17:04:13.083"/>
</kw>
<kw name="click">
<arg>xpath=//button[@type='submit']</arg>
<kw name="Click Element" library="Selenium2Library">
<arg>${element}</arg>
<doc>Click the element identified by ``locator``.</doc>
<msg timestamp="20220831 17:04:13.086" level="INFO">Clicking element 'xpath=//button[@type='submit']'.</msg>
<status status="PASS" starttime="20220831 17:04:13.085" endtime="20220831 17:04:13.786"/>
</kw>
<status status="PASS" starttime="20220831 17:04:13.084" endtime="20220831 17:04:13.786"/>
</kw>
<kw name="Wait Until Element Is Visible" library="Selenium2Library">
<arg>xpath=//*[@id="oetAdvName"]</arg>
<arg>50</arg>
<doc>Waits until the element ``locator`` is visible.</doc>
<status status="PASS" starttime="20220831 17:04:13.828" endtime="20220831 17:04:14.502"/>
</kw>
<kw name="Wait Until Page Contains" library="Selenium2Library">
<arg>ชื่อโฆษณา</arg>
<arg>50</arg>
<doc>Waits until ``text`` appears on the current page.</doc>
<status status="PASS" starttime="20220831 17:04:14.503" endtime="20220831 17:04:14.845"/>
</kw>
<kw name="Sleep" library="BuiltIn">
<arg>5s</arg>
<doc>Pauses the test executed for the given time.</doc>
<msg timestamp="20220831 17:04:19.934" level="INFO">Slept 5 seconds</msg>
<status status="PASS" starttime="20220831 17:04:14.846" endtime="20220831 17:04:19.934"/>
</kw>
<kw name="click">
<arg>xpath=//*[@id="odvBtnAddEdit"]/button</arg>
<kw name="Click Element" library="Selenium2Library">
<arg>${element}</arg>
<doc>Click the element identified by ``locator``.</doc>
<msg timestamp="20220831 17:04:20.040" level="INFO">Clicking element 'xpath=//*[@id="odvBtnAddEdit"]/button'.</msg>
<status status="PASS" starttime="20220831 17:04:20.039" endtime="20220831 17:04:21.193"/>
</kw>
<status status="PASS" starttime="20220831 17:04:20.009" endtime="20220831 17:04:21.194"/>
</kw>
<kw name="Wait Until Element Is Visible" library="Selenium2Library">
<arg>xpath=//*[@id="odvContentAdMessageData"]/div[1]/div/div/table/thead/tr/th[2]</arg>
<arg>50</arg>
<doc>Waits until the element ``locator`` is visible.</doc>
<status status="PASS" starttime="20220831 17:04:21.477" endtime="20220831 17:04:24.244"/>
</kw>
<kw name="Wait Until Page Contains" library="Selenium2Library">
<arg>AD TEST</arg>
<arg>50</arg>
<doc>Waits until ``text`` appears on the current page.</doc>
<status status="PASS" starttime="20220831 17:04:24.245" endtime="20220831 17:04:24.726"/>
</kw>
<kw name="Close Browser" library="Selenium2Library" type="TEARDOWN">
<doc>Closes the current browser.</doc>
<status status="PASS" starttime="20220831 17:04:24.753" endtime="20220831 17:04:28.428"/>
</kw>
<status status="PASS" starttime="20220831 17:03:28.914" endtime="20220831 17:04:28.463"/>
</test>
<test id="s1-t4" name="AD_Create_FC_NameAD" line="103">
<kw name="Run Keywords" library="BuiltIn" type="SETUP">
<arg>Open Browser</arg>
<arg>${URL}</arg>
<arg>${BROWSER}</arg>
<arg>AND</arg>
<arg>Set Selenium Speed</arg>
<arg>${SELSPEED}</arg>
<doc>Executes all the given keywords in a sequence.</doc>
<kw name="Open Browser" library="Selenium2Library">
<arg>${URL}</arg>
<arg>${BROWSER}</arg>
<doc>Opens a new browser instance to the optional ``url``.</doc>
<msg timestamp="20220831 17:04:28.468" level="INFO">Opening browser 'chrome' to base url 'https://dev.ada-soft.com/AdaSiamKubota/login'.</msg>
<status status="PASS" starttime="20220831 17:04:28.467" endtime="20220831 17:04:33.753"/>
</kw>
<kw name="Set Selenium Speed" library="Selenium2Library">
<arg>${SELSPEED}</arg>
<doc>Sets the delay that is waited after each Selenium command.</doc>
<status status="PASS" starttime="20220831 17:04:33.753" endtime="20220831 17:04:33.754"/>
</kw>
<status status="PASS" starttime="20220831 17:04:28.466" endtime="20220831 17:04:33.754"/>
</kw>
<kw name="Maximize Browser Window" library="Selenium2Library">
<doc>Maximizes current browser window.</doc>
<status status="PASS" starttime="20220831 17:04:33.758" endtime="20220831 17:04:34.311"/>
</kw>
<kw name="type">
<arg>id=oetUsername</arg>
<arg>${USERNAME}</arg>
<kw name="Input Text" library="Selenium2Library">
<arg>${element}</arg>
<arg>${value}</arg>
<doc>Types the given ``text`` into the text field identified by ``locator``.</doc>
<msg timestamp="20220831 17:04:34.315" level="INFO">Typing text '009' into text field 'id=oetUsername'.</msg>
<status status="PASS" starttime="20220831 17:04:34.314" endtime="20220831 17:04:35.539"/>
</kw>
<status status="PASS" starttime="20220831 17:04:34.312" endtime="20220831 17:04:35.539"/>
</kw>
<kw name="type">
<arg>id=oetPassword</arg>
<arg>${PASSWORD}</arg>
<kw name="Input Text" library="Selenium2Library">
<arg>${element}</arg>
<arg>${value}</arg>
<doc>Types the given ``text`` into the text field identified by ``locator``.</doc>
<msg timestamp="20220831 17:04:35.541" level="INFO">Typing text '123456' into text field 'id=oetPassword'.</msg>
<status status="PASS" starttime="20220831 17:04:35.541" endtime="20220831 17:04:36.568"/>
</kw>
<status status="PASS" starttime="20220831 17:04:35.540" endtime="20220831 17:04:36.568"/>
</kw>
<kw name="click">
<arg>xpath=//button[@id='obtLOGConfirmLogin']/span</arg>
<kw name="Click Element" library="Selenium2Library">
<arg>${element}</arg>
<doc>Click the element identified by ``locator``.</doc>
<msg timestamp="20220831 17:04:36.570" level="INFO">Clicking element 'xpath=//button[@id='obtLOGConfirmLogin']/span'.</msg>
<status status="PASS" starttime="20220831 17:04:36.569" endtime="20220831 17:04:37.283"/>
</kw>
<status status="PASS" starttime="20220831 17:04:36.569" endtime="20220831 17:04:37.283"/>
</kw>
<kw name="Wait Until Page Contains" library="Selenium2Library">
<arg>บริษัทสยามคูโบต้าคอร์ปอเรชั่น จำกัด</arg>
<arg>50</arg>
<doc>Waits until ``text`` appears on the current page.</doc>
<status status="PASS" starttime="20220831 17:04:37.284" endtime="20220831 17:04:41.846"/>
</kw>
<kw name="Get Text" library="Selenium2Library">
<var>${response}</var>
<arg>xpath=//*[@id="spnCompanyName"]</arg>
<doc>Returns the text value of the element identified by ``locator``.</doc>
<msg timestamp="20220831 17:04:42.495" level="INFO">${response} = บริษัทสยามคูโบต้าคอร์ปอเรชั่น จำกัด</msg>
<status status="PASS" starttime="20220831 17:04:41.846" endtime="20220831 17:04:42.495"/>
</kw>
<kw name="Should Be Equal As Strings" library="BuiltIn">
<arg>${response}</arg>
<arg>บริษัทสยามคูโบต้าคอร์ปอเรชั่น จำกัด</arg>
<doc>Fails if objects are unequal after converting them to strings.</doc>
<status status="PASS" starttime="20220831 17:04:42.496" endtime="20220831 17:04:42.496"/>
</kw>
<kw name="click">
<arg>xpath=//div[@id='wrapper']/div[2]/div[3]/button/img</arg>
<kw name="Click Element" library="Selenium2Library">
<arg>${element}</arg>
<doc>Click the element identified by ``locator``.</doc>
<msg timestamp="20220831 17:04:42.497" level="INFO">Clicking element 'xpath=//div[@id='wrapper']/div[2]/div[3]/button/img'.</msg>
<status status="PASS" starttime="20220831 17:04:42.497" endtime="20220831 17:04:43.183"/>
</kw>
<status status="PASS" starttime="20220831 17:04:42.496" endtime="20220831 17:04:43.183"/>
</kw>
<kw name="Wait Until Page Contains" library="Selenium2Library">
<arg>ข้อมูลหลัก</arg>
<arg>50</arg>
<doc>Waits until ``text`` appears on the current page.</doc>
<status status="PASS" starttime="20220831 17:04:43.184" endtime="20220831 17:04:43.527"/>
</kw>
<kw name="click">
<arg>xpath=//*[@id="oNavMenuMAS"]/ul/li/ul/li[3]/a/span</arg>
<kw name="Click Element" library="Selenium2Library">
<arg>${element}</arg>
<doc>Click the element identified by ``locator``.</doc>
<msg timestamp="20220831 17:04:43.529" level="INFO">Clicking element 'xpath=//*[@id="oNavMenuMAS"]/ul/li/ul/li[3]/a/span'.</msg>
<status status="PASS" starttime="20220831 17:04:43.528" endtime="20220831 17:04:44.200"/>
</kw>
<status status="PASS" starttime="20220831 17:04:43.528" endtime="20220831 17:04:44.200"/>
</kw>
<kw name="Wait Until Page Contains" library="Selenium2Library">
<arg>สื่อ,ข้อความ หน้าจอลูกค้า</arg>
<arg>50</arg>
<doc>Waits until ``text`` appears on the current page.</doc>
<status status="PASS" starttime="20220831 17:04:44.201" endtime="20220831 17:04:44.528"/>
</kw>
<kw name="Get Text" library="Selenium2Library">
<var>${response}</var>
<arg>xpath=//*[@id="MASSPS"]/ul/li[3]/a</arg>
<doc>Returns the text value of the element identified by ``locator``.</doc>
<msg timestamp="20220831 17:04:45.184" level="INFO">${response} = สื่อ,ข้อความ หน้าจอลูกค้า</msg>
<status status="PASS" starttime="20220831 17:04:44.529" endtime="20220831 17:04:45.184"/>
</kw>
<kw name="Should Be Equal As Strings" library="BuiltIn">
<arg>${response}</arg>
<arg>สื่อ,ข้อความ หน้าจอลูกค้า</arg>
<doc>Fails if objects are unequal after converting them to strings.</doc>
<status status="PASS" starttime="20220831 17:04:45.185" endtime="20220831 17:04:45.185"/>
</kw>
<kw name="click">
<arg>xpath=//*[@id="MASSPS"]/ul/li[3]/a</arg>
<kw name="Click Element" library="Selenium2Library">
<arg>${element}</arg>
<doc>Click the element identified by ``locator``.</doc>
<msg timestamp="20220831 17:04:45.186" level="INFO">Clicking element 'xpath=//*[@id="MASSPS"]/ul/li[3]/a'.</msg>
<status status="PASS" starttime="20220831 17:04:45.186" endtime="20220831 17:04:46.215"/>
</kw>
<status status="PASS" starttime="20220831 17:04:45.185" endtime="20220831 17:04:46.215"/>
</kw>
<kw name="Wait Until Page Contains" library="Selenium2Library">
<arg>ค้นหา</arg>
<arg>50</arg>
<doc>Waits until ``text`` appears on the current page.</doc>
<status status="PASS" starttime="20220831 17:04:46.216" endtime="20220831 17:04:46.555"/>
</kw>
<kw name="Sleep" library="BuiltIn">
<arg>5s</arg>
<doc>Pauses the test executed for the given time.</doc>
<msg timestamp="20220831 17:04:51.580" level="INFO">Slept 5 seconds</msg>
<status status="PASS" starttime="20220831 17:04:46.555" endtime="20220831 17:04:51.580"/>
</kw>
<kw name="click">
<arg>xpath=//*[@id="obtAdvAdd"]</arg>
<kw name="Click Element" library="Selenium2Library">
<arg>${element}</arg>
<doc>Click the element identified by ``locator``.</doc>
<msg timestamp="20220831 17:04:51.584" level="INFO">Clicking element 'xpath=//*[@id="obtAdvAdd"]'.</msg>
<status status="PASS" starttime="20220831 17:04:51.583" endtime="20220831 17:04:52.251"/>
</kw>
<status status="PASS" starttime="20220831 17:04:51.582" endtime="20220831 17:04:52.252"/>
</kw>
<kw name="Wait Until Page Contains" library="Selenium2Library">
<arg>รหัสโฆษณา</arg>
<arg>50</arg>
<doc>Waits until ``text`` appears on the current page.</doc>
<status status="PASS" starttime="20220831 17:04:52.253" endtime="20220831 17:04:52.616"/>
</kw>
<kw name="Get Text" library="Selenium2Library">
<var>${response}</var>
<arg>xpath=//*[@id="ofmAddAdMessage"]/div/div/div[1]/label</arg>
<doc>Returns the text value of the element identified by ``locator``.</doc>
<msg timestamp="20220831 17:04:53.914" level="INFO">${response} = * รหัสโฆษณา</msg>
<status status="PASS" starttime="20220831 17:04:52.617" endtime="20220831 17:04:53.914"/>
</kw>
<kw name="Should Be Equal As Strings" library="BuiltIn">
<arg>${response}</arg>
<arg>* รหัสโฆษณา</arg>
<doc>Fails if objects are unequal after converting them to strings.</doc>
<status status="PASS" starttime="20220831 17:04:53.915" endtime="20220831 17:04:53.916"/>
</kw>
<kw name="click">
<arg>id=oetAdvName</arg>
<kw name="Click Element" library="Selenium2Library">
<arg>${element}</arg>
<doc>Click the element identified by ``locator``.</doc>
<msg timestamp="20220831 17:04:53.917" level="INFO">Clicking element 'id=oetAdvName'.</msg>
<status status="PASS" starttime="20220831 17:04:53.917" endtime="20220831 17:04:54.597"/>
</kw>
<status status="PASS" starttime="20220831 17:04:53.917" endtime="20220831 17:04:54.597"/>
</kw>
<kw name="Input Text" library="Selenium2Library">
<arg>id=oetAdvMsg</arg>
<arg>สื่อโฆษณาทั่วไป</arg>
<doc>Types the given ``text`` into the text field identified by ``locator``.</doc>
<msg timestamp="20220831 17:04:54.598" level="INFO">Typing text 'สื่อโฆษณาทั่วไป' into text field 'id=oetAdvMsg'.</msg>
<status status="PASS" starttime="20220831 17:04:54.598" endtime="20220831 17:04:55.661"/>
</kw>
<kw name="click">
<arg>xpath=//button[@type='submit']</arg>
<kw name="Click Element" library="Selenium2Library">
<arg>${element}</arg>
<doc>Click the element identified by ``locator``.</doc>
<msg timestamp="20220831 17:04:55.662" level="INFO">Clicking element 'xpath=//button[@type='submit']'.</msg>
<status status="PASS" starttime="20220831 17:04:55.662" endtime="20220831 17:04:56.359"/>
</kw>
<status status="PASS" starttime="20220831 17:04:55.662" endtime="20220831 17:04:56.359"/>
</kw>
<kw name="Wait Until Page Contains" library="Selenium2Library">
<arg>ชื่อโฆษณา</arg>
<arg>50</arg>
<doc>Waits until ``text`` appears on the current page.</doc>
<status status="PASS" starttime="20220831 17:04:56.360" endtime="20220831 17:04:56.702"/>
</kw>
<kw name="Get Text" library="Selenium2Library">
<var>${response}</var>
<arg>xpath=//*[@id="oetAdvName-error"]</arg>
<doc>Returns the text value of the element identified by ``locator``.</doc>
<msg timestamp="20220831 17:04:57.355" level="INFO">${response} = กรุณากรอกชื่อ</msg>
<status status="PASS" starttime="20220831 17:04:56.703" endtime="20220831 17:04:57.355"/>
</kw>
<kw name="Should Be Equal As Strings" library="BuiltIn">
<arg>${response}</arg>
<arg>กรุณากรอกชื่อ</arg>
<doc>Fails if objects are unequal after converting them to strings.</doc>
<status status="PASS" starttime="20220831 17:04:57.356" endtime="20220831 17:04:57.357"/>
</kw>
<kw name="Close Browser" library="Selenium2Library" type="TEARDOWN">
<doc>Closes the current browser.</doc>
<status status="PASS" starttime="20220831 17:04:57.357" endtime="20220831 17:04:59.739"/>
</kw>
<status status="PASS" starttime="20220831 17:04:28.465" endtime="20220831 17:04:59.740"/>
</test>
<test id="s1-t5" name="AD_Create_FC_TextAD" line="147">
<kw name="Run Keywords" library="BuiltIn" type="SETUP">
<arg>Open Browser</arg>
<arg>${URL}</arg>
<arg>${BROWSER}</arg>
<arg>AND</arg>
<arg>Set Selenium Speed</arg>
<arg>${SELSPEED}</arg>
<doc>Executes all the given keywords in a sequence.</doc>
<kw name="Open Browser" library="Selenium2Library">
<arg>${URL}</arg>
<arg>${BROWSER}</arg>
<doc>Opens a new browser instance to the optional ``url``.</doc>
<msg timestamp="20220831 17:04:59.745" level="INFO">Opening browser 'chrome' to base url 'https://dev.ada-soft.com/AdaSiamKubota/login'.</msg>
<status status="PASS" starttime="20220831 17:04:59.744" endtime="20220831 17:05:03.208"/>
</kw>
<kw name="Set Selenium Speed" library="Selenium2Library">
<arg>${SELSPEED}</arg>
<doc>Sets the delay that is waited after each Selenium command.</doc>
<status status="PASS" starttime="20220831 17:05:03.208" endtime="20220831 17:05:03.209"/>
</kw>
<status status="PASS" starttime="20220831 17:04:59.744" endtime="20220831 17:05:03.209"/>
</kw>
<kw name="Maximize Browser Window" library="Selenium2Library">
<doc>Maximizes current browser window.</doc>
<status status="PASS" starttime="20220831 17:05:03.210" endtime="20220831 17:05:03.679"/>
</kw>
<kw name="type">
<arg>id=oetUsername</arg>
<arg>${USERNAME}</arg>
<kw name="Input Text" library="Selenium2Library">
<arg>${element}</arg>
<arg>${value}</arg>
<doc>Types the given ``text`` into the text field identified by ``locator``.</doc>
<msg timestamp="20220831 17:05:03.681" level="INFO">Typing text '009' into text field 'id=oetUsername'.</msg>
<status status="PASS" starttime="20220831 17:05:03.680" endtime="20220831 17:05:04.773"/>
</kw>
<status status="PASS" starttime="20220831 17:05:03.680" endtime="20220831 17:05:04.773"/>
</kw>
<kw name="type">
<arg>id=oetPassword</arg>
<arg>${PASSWORD}</arg>
<kw name="Input Text" library="Selenium2Library">
<arg>${element}</arg>
<arg>${value}</arg>
<doc>Types the given ``text`` into the text field identified by ``locator``.</doc>
<msg timestamp="20220831 17:05:04.775" level="INFO">Typing text '123456' into text field 'id=oetPassword'.</msg>
<status status="PASS" starttime="20220831 17:05:04.775" endtime="20220831 17:05:06.008"/>
</kw>
<status status="PASS" starttime="20220831 17:05:04.774" endtime="20220831 17:05:06.008"/>
</kw>
<kw name="click">
<arg>xpath=//button[@id='obtLOGConfirmLogin']/span</arg>
<kw name="Click Element" library="Selenium2Library">
<arg>${element}</arg>
<doc>Click the element identified by ``locator``.</doc>
<msg timestamp="20220831 17:05:06.013" level="INFO">Clicking element 'xpath=//button[@id='obtLOGConfirmLogin']/span'.</msg>
<status status="PASS" starttime="20220831 17:05:06.012" endtime="20220831 17:05:06.696"/>
</kw>
<status status="PASS" starttime="20220831 17:05:06.011" endtime="20220831 17:05:06.696"/>
</kw>
<kw name="Wait Until Page Contains" library="Selenium2Library">
<arg>บริษัทสยามคูโบต้าคอร์ปอเรชั่น จำกัด</arg>
<arg>50</arg>
<doc>Waits until ``text`` appears on the current page.</doc>
<status status="PASS" starttime="20220831 17:05:06.698" endtime="20220831 17:05:11.009"/>
</kw>
<kw name="Get Text" library="Selenium2Library">
<var>${response}</var>
<arg>xpath=//*[@id="spnCompanyName"]</arg>
<doc>Returns the text value of the element identified by ``locator``.</doc>
<msg timestamp="20220831 17:05:11.665" level="INFO">${response} = บริษัทสยามคูโบต้าคอร์ปอเรชั่น จำกัด</msg>
<status status="PASS" starttime="20220831 17:05:11.010" endtime="20220831 17:05:11.665"/>
</kw>
<kw name="Should Be Equal As Strings" library="BuiltIn">
<arg>${response}</arg>
<arg>บริษัทสยามคูโบต้าคอร์ปอเรชั่น จำกัด</arg>
<doc>Fails if objects are unequal after converting them to strings.</doc>
<status status="PASS" starttime="20220831 17:05:11.665" endtime="20220831 17:05:11.666"/>
</kw>
<kw name="click">
<arg>xpath=//div[@id='wrapper']/div[2]/div[3]/button/img</arg>
<kw name="Click Element" library="Selenium2Library">
<arg>${element}</arg>
<doc>Click the element identified by ``locator``.</doc>
<msg timestamp="20220831 17:05:11.666" level="INFO">Clicking element 'xpath=//div[@id='wrapper']/div[2]/div[3]/button/img'.</msg>
<status status="PASS" starttime="20220831 17:05:11.666" endtime="20220831 17:05:12.344"/>
</kw>
<status status="PASS" starttime="20220831 17:05:11.666" endtime="20220831 17:05:12.345"/>
</kw>
<kw name="Wait Until Page Contains" library="Selenium2Library">
<arg>ข้อมูลหลัก</arg>
<arg>50</arg>
<doc>Waits until ``text`` appears on the current page.</doc>
<status status="PASS" starttime="20220831 17:05:12.346" endtime="20220831 17:05:12.694"/>
</kw>
<kw name="click">
<arg>xpath=//*[@id="oNavMenuMAS"]/ul/li/ul/li[3]/a/span</arg>
<kw name="Click Element" library="Selenium2Library">
<arg>${element}</arg>
<doc>Click the element identified by ``locator``.</doc>
<msg timestamp="20220831 17:05:12.697" level="INFO">Clicking element 'xpath=//*[@id="oNavMenuMAS"]/ul/li/ul/li[3]/a/span'.</msg>
<status status="PASS" starttime="20220831 17:05:12.696" endtime="20220831 17:05:13.414"/>
</kw>
<status status="PASS" starttime="20220831 17:05:12.695" endtime="20220831 17:05:13.414"/>
</kw>
<kw name="Wait Until Page Contains" library="Selenium2Library">
<arg>สื่อ,ข้อความ หน้าจอลูกค้า</arg>
<arg>50</arg>
<doc>Waits until ``text`` appears on the current page.</doc>
<status status="PASS" starttime="20220831 17:05:13.415" endtime="20220831 17:05:13.759"/>
</kw>
<kw name="Get Text" library="Selenium2Library">
<var>${response}</var>
<arg>xpath=//*[@id="MASSPS"]/ul/li[3]/a</arg>
<doc>Returns the text value of the element identified by ``locator``.</doc>
<msg timestamp="20220831 17:05:14.434" level="INFO">${response} = สื่อ,ข้อความ หน้าจอลูกค้า</msg>
<status status="PASS" starttime="20220831 17:05:13.760" endtime="20220831 17:05:14.434"/>
</kw>
<kw name="Should Be Equal As Strings" library="BuiltIn">
<arg>${response}</arg>
<arg>สื่อ,ข้อความ หน้าจอลูกค้า</arg>
<doc>Fails if objects are unequal after converting them to strings.</doc>
<status status="PASS" starttime="20220831 17:05:14.435" endtime="20220831 17:05:14.435"/>
</kw>
<kw name="click">
<arg>xpath=//*[@id="MASSPS"]/ul/li[3]/a</arg>
<kw name="Click Element" library="Selenium2Library">
<arg>${element}</arg>
<doc>Click the element identified by ``locator``.</doc>
<msg timestamp="20220831 17:05:14.437" level="INFO">Clicking element 'xpath=//*[@id="MASSPS"]/ul/li[3]/a'.</msg>
<status status="PASS" starttime="20220831 17:05:14.436" endtime="20220831 17:05:15.647"/>
</kw>
<status status="PASS" starttime="20220831 17:05:14.436" endtime="20220831 17:05:15.647"/>
</kw>
<kw name="Wait Until Page Contains" library="Selenium2Library">
<arg>ค้นหา</arg>
<arg>50</arg>
<doc>Waits until ``text`` appears on the current page.</doc>
<status status="PASS" starttime="20220831 17:05:15.649" endtime="20220831 17:05:16.020"/>
</kw>
<kw name="Sleep" library="BuiltIn">
<arg>5s</arg>
<doc>Pauses the test executed for the given time.</doc>
<msg timestamp="20220831 17:05:21.025" level="INFO">Slept 5 seconds</msg>
<status status="PASS" starttime="20220831 17:05:16.021" endtime="20220831 17:05:21.025"/>
</kw>
<kw name="click">
<arg>xpath=//*[@id="obtAdvAdd"]</arg>
<kw name="Click Element" library="Selenium2Library">
<arg>${element}</arg>
<doc>Click the element identified by ``locator``.</doc>
<msg timestamp="20220831 17:05:21.027" level="INFO">Clicking element 'xpath=//*[@id="obtAdvAdd"]'.</msg>
<status status="PASS" starttime="20220831 17:05:21.026" endtime="20220831 17:05:21.706"/>
</kw>
<status status="PASS" starttime="20220831 17:05:21.026" endtime="20220831 17:05:21.706"/>
</kw>
<kw name="Wait Until Page Contains" library="Selenium2Library">
<arg>รหัสโฆษณา</arg>
<arg>50</arg>
<doc>Waits until ``text`` appears on the current page.</doc>
<status status="PASS" starttime="20220831 17:05:21.707" endtime="20220831 17:05:22.048"/>
</kw>
<kw name="Get Text" library="Selenium2Library">
<var>${response}</var>
<arg>xpath=//*[@id="ofmAddAdMessage"]/div/div/div[1]/label</arg>
<doc>Returns the text value of the element identified by ``locator``.</doc>
<msg timestamp="20220831 17:05:23.422" level="INFO">${response} = * รหัสโฆษณา</msg>
<status status="PASS" starttime="20220831 17:05:22.049" endtime="20220831 17:05:23.422"/>
</kw>
<kw name="Should Be Equal As Strings" library="BuiltIn">
<arg>${response}</arg>
<arg>* รหัสโฆษณา</arg>
<doc>Fails if objects are unequal after converting them to strings.</doc>
<status status="PASS" starttime="20220831 17:05:23.424" endtime="20220831 17:05:23.424"/>
</kw>
<kw name="Sleep" library="BuiltIn">
<arg>5s</arg>
<doc>Pauses the test executed for the given time.</doc>
<msg timestamp="20220831 17:05:28.431" level="INFO">Slept 5 seconds</msg>
<status status="PASS" starttime="20220831 17:05:23.425" endtime="20220831 17:05:28.431"/>
</kw>
<kw name="click">
<arg>id=oetAdvName</arg>
<kw name="Click Element" library="Selenium2Library">
<arg>${element}</arg>
<doc>Click the element identified by ``locator``.</doc>
<msg timestamp="20220831 17:05:28.434" level="INFO">Clicking element 'id=oetAdvName'.</msg>
<status status="PASS" starttime="20220831 17:05:28.433" endtime="20220831 17:05:29.146"/>
</kw>
<status status="PASS" starttime="20220831 17:05:28.432" endtime="20220831 17:05:29.146"/>
</kw>
<kw name="Input Text" library="Selenium2Library">
<arg>id=oetAdvName</arg>
<arg>AD TEST</arg>
<doc>Types the given ``text`` into the text field identified by ``locator``.</doc>
<msg timestamp="20220831 17:05:29.149" level="INFO">Typing text 'AD TEST' into text field 'id=oetAdvName'.</msg>
<status status="PASS" starttime="20220831 17:05:29.148" endtime="20220831 17:05:30.196"/>
</kw>
<kw name="click">
<arg>xpath=//button[@type='submit']</arg>
<kw name="Click Element" library="Selenium2Library">
<arg>${element}</arg>
<doc>Click the element identified by ``locator``.</doc>
<msg timestamp="20220831 17:05:30.198" level="INFO">Clicking element 'xpath=//button[@type='submit']'.</msg>
<status status="PASS" starttime="20220831 17:05:30.197" endtime="20220831 17:05:30.892"/>
</kw>
<status status="PASS" starttime="20220831 17:05:30.197" endtime="20220831 17:05:30.892"/>
</kw>
<kw name="Wait Until Page Contains" library="Selenium2Library">
<arg>ข้อความ</arg>
<arg>50</arg>
<doc>Waits until ``text`` appears on the current page.</doc>
<status status="PASS" starttime="20220831 17:05:30.893" endtime="20220831 17:05:31.235"/>
</kw>
<kw name="Get Text" library="Selenium2Library">
<var>${response}</var>
<arg>xpath=//*[@id="oetAdvMsg-error"]</arg>
<doc>Returns the text value of the element identified by ``locator``.</doc>
<msg timestamp="20220831 17:05:31.920" level="INFO">${response} = This field is required.</msg>
<status status="PASS" starttime="20220831 17:05:31.236" endtime="20220831 17:05:31.920"/>
</kw>
<kw name="Should Be Equal As Strings" library="BuiltIn">
<arg>${response}</arg>
<arg>This field is required.</arg>
<doc>Fails if objects are unequal after converting them to strings.</doc>
<status status="PASS" starttime="20220831 17:05:31.922" endtime="20220831 17:05:31.923"/>
</kw>
<kw name="Close Browser" library="Selenium2Library" type="TEARDOWN">
<doc>Closes the current browser.</doc>
<status status="PASS" starttime="20220831 17:05:31.925" endtime="20220831 17:05:34.316"/>
</kw>
<status status="PASS" starttime="20220831 17:04:59.743" endtime="20220831 17:05:34.317"/>
</test>
<test id="s1-t6" name="AD_Del" line="192">
<kw name="Run Keywords" library="BuiltIn" type="SETUP">
<arg>Open Browser</arg>
<arg>${URL}</arg>
<arg>${BROWSER}</arg>
<arg>AND</arg>
<arg>Set Selenium Speed</arg>
<arg>${SELSPEED}</arg>
<doc>Executes all the given keywords in a sequence.</doc>
<kw name="Open Browser" library="Selenium2Library">
<arg>${URL}</arg>
<arg>${BROWSER}</arg>
<doc>Opens a new browser instance to the optional ``url``.</doc>
<msg timestamp="20220831 17:05:34.325" level="INFO">Opening browser 'chrome' to base url 'https://dev.ada-soft.com/AdaSiamKubota/login'.</msg>
<status status="PASS" starttime="20220831 17:05:34.324" endtime="20220831 17:05:39.017"/>
</kw>
<kw name="Set Selenium Speed" library="Selenium2Library">
<arg>${SELSPEED}</arg>
<doc>Sets the delay that is waited after each Selenium command.</doc>
<status status="PASS" starttime="20220831 17:05:39.017" endtime="20220831 17:05:39.018"/>
</kw>
<status status="PASS" starttime="20220831 17:05:34.323" endtime="20220831 17:05:39.018"/>
</kw>
<kw name="Maximize Browser Window" library="Selenium2Library">
<doc>Maximizes current browser window.</doc>
<status status="PASS" starttime="20220831 17:05:39.019" endtime="20220831 17:05:39.456"/>
</kw>
<kw name="type">
<arg>id=oetUsername</arg>
<arg>${USERNAME}</arg>
<kw name="Input Text" library="Selenium2Library">
<arg>${element}</arg>
<arg>${value}</arg>
<doc>Types the given ``text`` into the text field identified by ``locator``.</doc>
<msg timestamp="20220831 17:05:39.459" level="INFO">Typing text '009' into text field 'id=oetUsername'.</msg>
<status status="PASS" starttime="20220831 17:05:39.458" endtime="20220831 17:05:40.486"/>
</kw>
<status status="PASS" starttime="20220831 17:05:39.457" endtime="20220831 17:05:40.486"/>
</kw>
<kw name="type">
<arg>id=oetPassword</arg>
<arg>${PASSWORD}</arg>
<kw name="Input Text" library="Selenium2Library">
<arg>${element}</arg>
<arg>${value}</arg>
<doc>Types the given ``text`` into the text field identified by ``locator``.</doc>
<msg timestamp="20220831 17:05:40.489" level="INFO">Typing text '123456' into text field 'id=oetPassword'.</msg>
<status status="PASS" starttime="20220831 17:05:40.488" endtime="20220831 17:05:41.583"/>
</kw>
<status status="PASS" starttime="20220831 17:05:40.487" endtime="20220831 17:05:41.583"/>
</kw>
<kw name="click">
<arg>xpath=//button[@id='obtLOGConfirmLogin']/span</arg>
<kw name="Click Element" library="Selenium2Library">
<arg>${element}</arg>
<doc>Click the element identified by ``locator``.</doc>
<msg timestamp="20220831 17:05:41.586" level="INFO">Clicking element 'xpath=//button[@id='obtLOGConfirmLogin']/span'.</msg>
<status status="PASS" starttime="20220831 17:05:41.585" endtime="20220831 17:05:42.271"/>
</kw>
<status status="PASS" starttime="20220831 17:05:41.584" endtime="20220831 17:05:42.271"/>
</kw>
<kw name="Wait Until Page Contains" library="Selenium2Library">
<arg>บริษัทสยามคูโบต้าคอร์ปอเรชั่น จำกัด</arg>
<arg>50</arg>
<doc>Waits until ``text`` appears on the current page.</doc>
<status status="PASS" starttime="20220831 17:05:42.272" endtime="20220831 17:05:49.494"/>
</kw>
<kw name="Get Text" library="Selenium2Library">
<var>${response}</var>
<arg>xpath=//*[@id="spnCompanyName"]</arg>
<doc>Returns the text value of the element identified by ``locator``.</doc>
<msg timestamp="20220831 17:05:50.148" level="INFO">${response} = บริษัทสยามคูโบต้าคอร์ปอเรชั่น จำกัด</msg>
<status status="PASS" starttime="20220831 17:05:49.494" endtime="20220831 17:05:50.148"/>
</kw>
<kw name="Should Be Equal As Strings" library="BuiltIn">
<arg>${response}</arg>
<arg>บริษัทสยามคูโบต้าคอร์ปอเรชั่น จำกัด</arg>
<doc>Fails if objects are unequal after converting them to strings.</doc>
<status status="PASS" starttime="20220831 17:05:50.149" endtime="20220831 17:05:50.149"/>
</kw>
<kw name="click">
<arg>xpath=//div[@id='wrapper']/div[2]/div[3]/button/img</arg>
<kw name="Click Element" library="Selenium2Library">
<arg>${element}</arg>
<doc>Click the element identified by ``locator``.</doc>
<msg timestamp="20220831 17:05:50.150" level="INFO">Clicking element 'xpath=//div[@id='wrapper']/div[2]/div[3]/button/img'.</msg>
<status status="PASS" starttime="20220831 17:05:50.150" endtime="20220831 17:05:50.845"/>
</kw>
<status status="PASS" starttime="20220831 17:05:50.149" endtime="20220831 17:05:50.846"/>
</kw>
<kw name="Wait Until Page Contains" library="Selenium2Library">
<arg>ข้อมูลหลัก</arg>
<arg>50</arg>
<doc>Waits until ``text`` appears on the current page.</doc>
<status status="PASS" starttime="20220831 17:05:50.846" endtime="20220831 17:05:51.188"/>
</kw>
<kw name="click">
<arg>xpath=//*[@id="oNavMenuMAS"]/ul/li/ul/li[3]/a/span</arg>
<kw name="Click Element" library="Selenium2Library">
<arg>${element}</arg>
<doc>Click the element identified by ``locator``.</doc>
<msg timestamp="20220831 17:05:51.192" level="INFO">Clicking element 'xpath=//*[@id="oNavMenuMAS"]/ul/li/ul/li[3]/a/span'.</msg>
<status status="PASS" starttime="20220831 17:05:51.191" endtime="20220831 17:05:51.894"/>
</kw>
<status status="PASS" starttime="20220831 17:05:51.190" endtime="20220831 17:05:51.894"/>
</kw>
<kw name="Wait Until Page Contains" library="Selenium2Library">
<arg>สื่อ,ข้อความ หน้าจอลูกค้า</arg>
<arg>50</arg>
<doc>Waits until ``text`` appears on the current page.</doc>
<status status="PASS" starttime="20220831 17:05:51.895" endtime="20220831 17:05:52.233"/>
</kw>
<kw name="Get Text" library="Selenium2Library">
<var>${response}</var>
<arg>xpath=//*[@id="MASSPS"]/ul/li[3]/a</arg>
<doc>Returns the text value of the element identified by ``locator``.</doc>
<msg timestamp="20220831 17:05:52.877" level="INFO">${response} = สื่อ,ข้อความ หน้าจอลูกค้า</msg>
<status status="PASS" starttime="20220831 17:05:52.234" endtime="20220831 17:05:52.877"/>
</kw>
<kw name="Should Be Equal As Strings" library="BuiltIn">
<arg>${response}</arg>
<arg>สื่อ,ข้อความ หน้าจอลูกค้า</arg>
<doc>Fails if objects are unequal after converting them to strings.</doc>
<status status="PASS" starttime="20220831 17:05:52.878" endtime="20220831 17:05:52.879"/>
</kw>
<kw name="click">
<arg>xpath=//*[@id="MASSPS"]/ul/li[3]/a</arg>
<kw name="Click Element" library="Selenium2Library">
<arg>${element}</arg>
<doc>Click the element identified by ``locator``.</doc>
<msg timestamp="20220831 17:05:52.880" level="INFO">Clicking element 'xpath=//*[@id="MASSPS"]/ul/li[3]/a'.</msg>
<status status="PASS" starttime="20220831 17:05:52.880" endtime="20220831 17:05:54.068"/>
</kw>
<status status="PASS" starttime="20220831 17:05:52.879" endtime="20220831 17:05:54.069"/>
</kw>
<kw name="Wait Until Page Contains" library="Selenium2Library">
<arg>ค้นหา</arg>
<arg>50</arg>
<doc>Waits until ``text`` appears on the current page.</doc>
<status status="PASS" starttime="20220831 17:05:54.071" endtime="20220831 17:05:54.456"/>
</kw>
<kw name="click">
<arg>xpath=//*[@id="otrAdMessage0"]/td[8]/img</arg>
<kw name="Click Element" library="Selenium2Library">
<arg>${element}</arg>
<doc>Click the element identified by ``locator``.</doc>
<msg timestamp="20220831 17:05:54.460" level="INFO">Clicking element 'xpath=//*[@id="otrAdMessage0"]/td[8]/img'.</msg>
<status status="PASS" starttime="20220831 17:05:54.459" endtime="20220831 17:05:57.667"/>
</kw>
<status status="PASS" starttime="20220831 17:05:54.458" endtime="20220831 17:05:57.668"/>
</kw>
<kw name="Wait Until Element Is Visible" library="Selenium2Library">
<arg>xpath=//*[@id="odvModalDelAdMessage"]/div/div/div[1]/label</arg>
<arg>20</arg>
<doc>Waits until the element ``locator`` is visible.</doc>
<status status="PASS" starttime="20220831 17:05:57.669" endtime="20220831 17:05:58.340"/>
</kw>
<kw name="Set Variable" library="BuiltIn">
<var>${cf}</var>
<arg>ยืนยันการลบข้อมูล : 010 ( AD test )</arg>
<doc>Returns the given values which can then be assigned to a variables.</doc>
<msg timestamp="20220831 17:05:58.341" level="INFO">${cf} = ยืนยันการลบข้อมูล : 010 ( AD test )</msg>
<status status="PASS" starttime="20220831 17:05:58.341" endtime="20220831 17:05:58.341"/>
</kw>
<kw name="Get Text" library="Selenium2Library">
<var>${response}</var>
<arg>xpath=//*[@id="ospConfirmDelete"]</arg>
<doc>Returns the text value of the element identified by ``locator``.</doc>
<msg timestamp="20220831 17:05:59.010" level="INFO">${response} = ยืนยันการลบข้อมูล : 011 ( AD TEST )</msg>
<status status="PASS" starttime="20220831 17:05:58.342" endtime="20220831 17:05:59.010"/>
</kw>
<if>
<branch type="IF" condition="&quot;${response}&quot; ==&quot;${cf}&quot;">
<kw name="click">
<arg>xpath=//*[@id="osmConfirm"]</arg>
<status status="NOT RUN" starttime="20220831 17:05:59.011" endtime="20220831 17:05:59.011"/>
</kw>
<kw name="Sleep" library="BuiltIn">
<arg>5s</arg>
<doc>Pauses the test executed for the given time.</doc>
<status status="NOT RUN" starttime="20220831 17:05:59.011" endtime="20220831 17:05:59.012"/>
</kw>
<status status="NOT RUN" starttime="20220831 17:05:59.011" endtime="20220831 17:05:59.012"/>
</branch>
<branch type="ELSE">
<kw name="click">
<arg>xpath=//*[@id="odvModalDelAdMessage"]/div/div/div[3]/button[2]</arg>
<kw name="Click Element" library="Selenium2Library">
<arg>${element}</arg>
<doc>Click the element identified by ``locator``.</doc>
<msg timestamp="20220831 17:05:59.013" level="INFO">Clicking element 'xpath=//*[@id="odvModalDelAdMessage"]/div/div/div[3]/button[2]'.</msg>
<status status="PASS" starttime="20220831 17:05:59.012" endtime="20220831 17:05:59.693"/>
</kw>
<status status="PASS" starttime="20220831 17:05:59.012" endtime="20220831 17:05:59.693"/>
</kw>
<kw name="Sleep" library="BuiltIn">
<arg>5s</arg>
<doc>Pauses the test executed for the given time.</doc>
<msg timestamp="20220831 17:06:04.709" level="INFO">Slept 5 seconds</msg>
<status status="PASS" starttime="20220831 17:05:59.694" endtime="20220831 17:06:04.709"/>
</kw>
<status status="PASS" starttime="20220831 17:05:59.012" endtime="20220831 17:06:04.709"/>
</branch>
<status status="PASS" starttime="20220831 17:05:59.011" endtime="20220831 17:06:04.709"/>
</if>
<kw name="Sleep" library="BuiltIn">
<arg>5s</arg>
<doc>Pauses the test executed for the given time.</doc>
<msg timestamp="20220831 17:06:09.718" level="INFO">Slept 5 seconds</msg>
<status status="PASS" starttime="20220831 17:06:04.710" endtime="20220831 17:06:09.718"/>
</kw>
<kw name="Close Browser" library="Selenium2Library" type="TEARDOWN">
<doc>Closes the current browser.</doc>
<status status="PASS" starttime="20220831 17:06:09.719" endtime="20220831 17:06:12.104"/>
</kw>
<status status="PASS" starttime="20220831 17:05:34.321" endtime="20220831 17:06:12.105"/>
</test>
<test id="s1-t7" name="Printer_SC" line="231">
<kw name="Run Keywords" library="BuiltIn" type="SETUP">
<arg>Open Browser</arg>
<arg>${URL}</arg>
<arg>${BROWSER}</arg>
<arg>AND</arg>
<arg>Set Selenium Speed</arg>
<arg>${SELSPEED}</arg>
<doc>Executes all the given keywords in a sequence.</doc>
<kw name="Open Browser" library="Selenium2Library">
<arg>${URL}</arg>
<arg>${BROWSER}</arg>
<doc>Opens a new browser instance to the optional ``url``.</doc>
<msg timestamp="20220831 17:06:12.107" level="INFO">Opening browser 'chrome' to base url 'https://dev.ada-soft.com/AdaSiamKubota/login'.</msg>
<status status="PASS" starttime="20220831 17:06:12.107" endtime="20220831 17:06:15.651"/>
</kw>
<kw name="Set Selenium Speed" library="Selenium2Library">
<arg>${SELSPEED}</arg>
<doc>Sets the delay that is waited after each Selenium command.</doc>
<status status="PASS" starttime="20220831 17:06:15.652" endtime="20220831 17:06:15.653"/>
</kw>
<status status="PASS" starttime="20220831 17:06:12.106" endtime="20220831 17:06:15.653"/>
</kw>
<kw name="Maximize Browser Window" library="Selenium2Library">
<doc>Maximizes current browser window.</doc>
<status status="PASS" starttime="20220831 17:06:15.654" endtime="20220831 17:06:16.103"/>
</kw>
<kw name="type">
<arg>id=oetUsername</arg>
<arg>${USERNAME}</arg>
<kw name="Input Text" library="Selenium2Library">
<arg>${element}</arg>
<arg>${value}</arg>
<doc>Types the given ``text`` into the text field identified by ``locator``.</doc>
<msg timestamp="20220831 17:06:16.107" level="INFO">Typing text '009' into text field 'id=oetUsername'.</msg>
<status status="PASS" starttime="20220831 17:06:16.106" endtime="20220831 17:06:17.129"/>
</kw>
<status status="PASS" starttime="20220831 17:06:16.105" endtime="20220831 17:06:17.129"/>
</kw>
<kw name="type">
<arg>id=oetPassword</arg>
<arg>${PASSWORD}</arg>
<kw name="Input Text" library="Selenium2Library">
<arg>${element}</arg>
<arg>${value}</arg>
<doc>Types the given ``text`` into the text field identified by ``locator``.</doc>
<msg timestamp="20220831 17:06:17.131" level="INFO">Typing text '123456' into text field 'id=oetPassword'.</msg>
<status status="PASS" starttime="20220831 17:06:17.130" endtime="20220831 17:06:18.160"/>
</kw>
<status status="PASS" starttime="20220831 17:06:17.130" endtime="20220831 17:06:18.160"/>
</kw>
<kw name="click">
<arg>xpath=//button[@id='obtLOGConfirmLogin']/span</arg>
<kw name="Click Element" library="Selenium2Library">
<arg>${element}</arg>
<doc>Click the element identified by ``locator``.</doc>
<msg timestamp="20220831 17:06:18.162" level="INFO">Clicking element 'xpath=//button[@id='obtLOGConfirmLogin']/span'.</msg>
<status status="PASS" starttime="20220831 17:06:18.162" endtime="20220831 17:06:18.831"/>
</kw>
<status status="PASS" starttime="20220831 17:06:18.161" endtime="20220831 17:06:18.831"/>
</kw>
<kw name="Wait Until Page Contains" library="Selenium2Library">
<arg>บริษัทสยามคูโบต้าคอร์ปอเรชั่น จำกัด</arg>
<arg>50</arg>
<doc>Waits until ``text`` appears on the current page.</doc>
<status status="PASS" starttime="20220831 17:06:18.832" endtime="20220831 17:06:23.308"/>
</kw>
<kw name="Get Text" library="Selenium2Library">
<var>${response}</var>
<arg>xpath=//*[@id="spnCompanyName"]</arg>
<doc>Returns the text value of the element identified by ``locator``.</doc>
<msg timestamp="20220831 17:06:23.959" level="INFO">${response} = บริษัทสยามคูโบต้าคอร์ปอเรชั่น จำกัด</msg>
<status status="PASS" starttime="20220831 17:06:23.309" endtime="20220831 17:06:23.959"/>
</kw>
<kw name="Should Be Equal As Strings" library="BuiltIn">
<arg>${response}</arg>
<arg>บริษัทสยามคูโบต้าคอร์ปอเรชั่น จำกัด</arg>
<doc>Fails if objects are unequal after converting them to strings.</doc>
<status status="PASS" starttime="20220831 17:06:23.961" endtime="20220831 17:06:23.963"/>
</kw>
<kw name="click">
<arg>xpath=//div[@id='wrapper']/div[2]/div[3]/button/img</arg>
<kw name="Click Element" library="Selenium2Library">
<arg>${element}</arg>
<doc>Click the element identified by ``locator``.</doc>
<msg timestamp="20220831 17:06:23.965" level="INFO">Clicking element 'xpath=//div[@id='wrapper']/div[2]/div[3]/button/img'.</msg>
<status status="PASS" starttime="20220831 17:06:23.965" endtime="20220831 17:06:24.659"/>
</kw>
<status status="PASS" starttime="20220831 17:06:23.964" endtime="20220831 17:06:24.660"/>
</kw>
<kw name="Wait Until Page Contains" library="Selenium2Library">
<arg>ข้อมูลหลัก</arg>
<arg>50</arg>
<doc>Waits until ``text`` appears on the current page.</doc>
<status status="PASS" starttime="20220831 17:06:24.662" endtime="20220831 17:06:25.003"/>
</kw>
<kw name="click">
<arg>xpath=//*[@id="oNavMenuMAS"]/ul/li/ul/li[3]/a/span</arg>
<kw name="Click Element" library="Selenium2Library">
<arg>${element}</arg>
<doc>Click the element identified by ``locator``.</doc>
<msg timestamp="20220831 17:06:25.007" level="INFO">Clicking element 'xpath=//*[@id="oNavMenuMAS"]/ul/li/ul/li[3]/a/span'.</msg>
<status status="PASS" starttime="20220831 17:06:25.006" endtime="20220831 17:06:25.701"/>
</kw>
<status status="PASS" starttime="20220831 17:06:25.004" endtime="20220831 17:06:25.701"/>
</kw>
<kw name="Wait Until Page Contains" library="Selenium2Library">
<arg>เครื่องพิมพ์</arg>
<arg>50</arg>
<doc>Waits until ``text`` appears on the current page.</doc>
<status status="PASS" starttime="20220831 17:06:25.702" endtime="20220831 17:06:26.030"/>
</kw>
<kw name="Get Text" library="Selenium2Library">
<var>${response}</var>
<arg>xpath=//*[@id="MASSPS"]/ul/li[6]/a</arg>
<doc>Returns the text value of the element identified by ``locator``.</doc>
<msg timestamp="20220831 17:06:26.698" level="INFO">${response} = เครื่องพิมพ์</msg>
<status status="PASS" starttime="20220831 17:06:26.032" endtime="20220831 17:06:26.698"/>
</kw>
<kw name="Should Be Equal As Strings" library="BuiltIn">
<arg>${response}</arg>
<arg>เครื่องพิมพ์</arg>
<doc>Fails if objects are unequal after converting them to strings.</doc>
<status status="PASS" starttime="20220831 17:06:26.699" endtime="20220831 17:06:26.699"/>
</kw>
<kw name="click">
<arg>xpath=//*[@id="MASSPS"]/ul/li[6]/a</arg>
<kw name="Click Element" library="Selenium2Library">
<arg>${element}</arg>
<doc>Click the element identified by ``locator``.</doc>
<msg timestamp="20220831 17:06:26.700" level="INFO">Clicking element 'xpath=//*[@id="MASSPS"]/ul/li[6]/a'.</msg>
<status status="PASS" starttime="20220831 17:06:26.700" endtime="20220831 17:06:27.940"/>
</kw>
<status status="PASS" starttime="20220831 17:06:26.700" endtime="20220831 17:06:27.940"/>
</kw>
<kw name="Wait Until Element Is Visible" library="Selenium2Library">
<arg>xpath=//*[@id="oliSprTitle"]</arg>
<arg>50</arg>
<doc>Waits until the element ``locator`` is visible.</doc>
<status status="PASS" starttime="20220831 17:06:27.941" endtime="20220831 17:06:29.175"/>
</kw>
<kw name="Wait Until Page Contains" library="Selenium2Library">
<arg>ปริ้นเตอร์</arg>
<arg>50</arg>
<doc>Waits until ``text`` appears on the current page.</doc>
<status status="PASS" starttime="20220831 17:06:29.176" endtime="20220831 17:06:29.517"/>
</kw>
<kw name="click">
<arg>xpath=//*[@id="obtSprAdd"]</arg>
<kw name="Click Element" library="Selenium2Library">
<arg>${element}</arg>
<doc>Click the element identified by ``locator``.</doc>
<msg timestamp="20220831 17:06:29.518" level="INFO">Clicking element 'xpath=//*[@id="obtSprAdd"]'.</msg>
<status status="PASS" starttime="20220831 17:06:29.518" endtime="20220831 17:06:30.573"/>
</kw>
<status status="PASS" starttime="20220831 17:06:29.518" endtime="20220831 17:06:30.573"/>
</kw>
<kw name="Wait Until Element Is Visible" library="Selenium2Library">
<arg>xpath=//*[@id="oetSprName"]</arg>
<arg>50</arg>
<doc>Waits until the element ``locator`` is visible.</doc>
<status status="PASS" starttime="20220831 17:06:30.574" endtime="20220831 17:06:31.968"/>
</kw>
<kw name="click">
<arg>xpath=//button[@type='submit']</arg>
<kw name="Click Element" library="Selenium2Library">
<arg>${element}</arg>
<doc>Click the element identified by ``locator``.</doc>
<msg timestamp="20220831 17:06:31.972" level="INFO">Clicking element 'xpath=//button[@type='submit']'.</msg>
<status status="PASS" starttime="20220831 17:06:31.971" endtime="20220831 17:06:33.097"/>
</kw>
<status status="PASS" starttime="20220831 17:06:31.969" endtime="20220831 17:06:33.098"/>
</kw>
<kw name="Wait Until Element Is Visible" library="Selenium2Library">
<arg>xpath=//*[@id="oetSprName-error"]</arg>
<arg>50</arg>
<doc>Waits until the element ``locator`` is visible.</doc>
<status status="PASS" starttime="20220831 17:06:33.099" endtime="20220831 17:06:33.752"/>
</kw>
<kw name="Get Text" library="Selenium2Library">
<var>${response}</var>
<arg>xpath=//*[@id="oetSprName-error"]</arg>
<doc>Returns the text value of the element identified by ``locator``.</doc>
<msg timestamp="20220831 17:06:34.389" level="INFO">${response} = กรุณากรอกชื่อปริ้นเตอร์</msg>
<status status="PASS" starttime="20220831 17:06:33.752" endtime="20220831 17:06:34.389"/>
</kw>
<kw name="Should Be Equal As Strings" library="BuiltIn">
<arg>${response}</arg>
<arg>กรุณากรอกชื่อปริ้นเตอร์</arg>
<doc>Fails if objects are unequal after converting them to strings.</doc>
<status status="PASS" starttime="20220831 17:06:34.390" endtime="20220831 17:06:34.390"/>
</kw>
<kw name="click">
<arg>xpath=//*[@id="odvBtnAddEdit"]/button</arg>
<kw name="Click Element" library="Selenium2Library">
<arg>${element}</arg>
<doc>Click the element identified by ``locator``.</doc>
<msg timestamp="20220831 17:06:34.392" level="INFO">Clicking element 'xpath=//*[@id="odvBtnAddEdit"]/button'.</msg>
<status status="PASS" starttime="20220831 17:06:34.392" endtime="20220831 17:06:35.083"/>
</kw>
<status status="PASS" starttime="20220831 17:06:34.391" endtime="20220831 17:06:35.083"/>
</kw>
<kw name="click">
<arg>xpath=//*[@id="obtSprAdd"]</arg>
<kw name="Click Element" library="Selenium2Library">
<arg>${element}</arg>
<doc>Click the element identified by ``locator``.</doc>
<msg timestamp="20220831 17:06:35.086" level="INFO">Clicking element 'xpath=//*[@id="obtSprAdd"]'.</msg>
<status status="PASS" starttime="20220831 17:06:35.085" endtime="20220831 17:06:36.512"/>
</kw>
<status status="PASS" starttime="20220831 17:06:35.084" endtime="20220831 17:06:36.512"/>
</kw>
<kw name="Wait Until Element Is Visible" library="Selenium2Library">
<arg>xpath=//*[@id="oetSprName"]</arg>
<arg>50</arg>
<doc>Waits until the element ``locator`` is visible.</doc>
<status status="PASS" starttime="20220831 17:06:36.513" endtime="20220831 17:06:38.354"/>
</kw>
<kw name="click">
<arg>xpath=//*[@id="oetSprName"]</arg>
<kw name="Click Element" library="Selenium2Library">
<arg>${element}</arg>
<doc>Click the element identified by ``locator``.</doc>
<msg timestamp="20220831 17:06:38.356" level="INFO">Clicking element 'xpath=//*[@id="oetSprName"]'.</msg>
<status status="PASS" starttime="20220831 17:06:38.356" endtime="20220831 17:06:39.052"/>
</kw>
<status status="PASS" starttime="20220831 17:06:38.355" endtime="20220831 17:06:39.053"/>
</kw>
<kw name="Input Text" library="Selenium2Library">
<arg>id=oetSprName</arg>
<arg>Start-Bar printer</arg>
<doc>Types the given ``text`` into the text field identified by ``locator``.</doc>
<msg timestamp="20220831 17:06:39.055" level="INFO">Typing text 'Start-Bar printer' into text field 'id=oetSprName'.</msg>
<status status="PASS" starttime="20220831 17:06:39.055" endtime="20220831 17:06:40.104"/>
</kw>
<kw name="click">
<arg>xpath=//*[@id="ofmSetprinter"]/div/div[2]/div/div[2]/div/button</arg>
<kw name="Click Element" library="Selenium2Library">
<arg>${element}</arg>
<doc>Click the element identified by ``locator``.</doc>
<msg timestamp="20220831 17:06:40.108" level="INFO">Clicking element 'xpath=//*[@id="ofmSetprinter"]/div/div[2]/div/div[2]/div/button'.</msg>
<status status="PASS" starttime="20220831 17:06:40.107" endtime="20220831 17:06:40.815"/>
</kw>
<status status="PASS" starttime="20220831 17:06:40.106" endtime="20220831 17:06:40.816"/>
</kw>
<kw name="click">
<arg>xpath=//*[@id="ofmSetprinter"]/div/div[2]/div/div[2]/div/div/div/ul/li[2]/a/span[2]</arg>
<kw name="Click Element" library="Selenium2Library">
<arg>${element}</arg>
<doc>Click the element identified by ``locator``.</doc>
<msg timestamp="20220831 17:06:40.820" level="INFO">Clicking element 'xpath=//*[@id="ofmSetprinter"]/div/div[2]/div/div[2]/div/div/div/ul/li[2]/a/span[2]'.</msg>
<status status="PASS" starttime="20220831 17:06:40.818" endtime="20220831 17:06:41.543"/>
</kw>
<status status="PASS" starttime="20220831 17:06:40.817" endtime="20220831 17:06:41.543"/>
</kw>
<kw name="click">
<arg>xpath=//*[@id="ofmSetprinter"]/div/div[2]/div/div[2]/div/button</arg>
<kw name="Click Element" library="Selenium2Library">
<arg>${element}</arg>
<doc>Click the element identified by ``locator``.</doc>
<msg timestamp="20220831 17:06:41.547" level="INFO">Clicking element 'xpath=//*[@id="ofmSetprinter"]/div/div[2]/div/div[2]/div/button'.</msg>
<status status="PASS" starttime="20220831 17:06:41.546" endtime="20220831 17:06:42.258"/>
</kw>
<status status="PASS" starttime="20220831 17:06:41.545" endtime="20220831 17:06:42.259"/>
</kw>
<kw name="Wait Until Element Is Visible" library="Selenium2Library">
<arg>xpath=//*[@id="ofmSetprinter"]/div/div[2]/div/div[2]/div/div/div/ul/li[1]/a/span[2]</arg>
<arg>50</arg>
<doc>Waits until the element ``locator`` is visible.</doc>
<status status="PASS" starttime="20220831 17:06:42.260" endtime="20220831 17:06:42.936"/>
</kw>
<kw name="click">
<arg>xpath=//*[@id="ofmSetprinter"]/div/div[2]/div/div[2]/div/div/div/ul/li[1]/a/span[2]</arg>
<kw name="Click Element" library="Selenium2Library">
<arg>${element}</arg>
<doc>Click the element identified by ``locator``.</doc>
<msg timestamp="20220831 17:06:42.939" level="INFO">Clicking element 'xpath=//*[@id="ofmSetprinter"]/div/div[2]/div/div[2]/div/div/div/ul/li[1]/a/span[2]'.</msg>
<status status="PASS" starttime="20220831 17:06:42.939" endtime="20220831 17:06:43.632"/>
</kw>
<status status="PASS" starttime="20220831 17:06:42.938" endtime="20220831 17:06:43.633"/>
</kw>
<kw name="Wait Until Element Is Visible" library="Selenium2Library">
<arg>xpath=//*[@id="obtBrowseRefApplication"]</arg>
<arg>50</arg>
<doc>Waits until the element ``locator`` is visible.</doc>
<status status="PASS" starttime="20220831 17:06:43.635" endtime="20220831 17:06:44.298"/>
</kw>
<kw name="click">
<arg>xpath=//*[@id="obtBrowseRefApplication"]</arg>
<kw name="Click Element" library="Selenium2Library">
<arg>${element}</arg>
<doc>Click the element identified by ``locator``.</doc>
<msg timestamp="20220831 17:06:44.303" level="INFO">Clicking element 'xpath=//*[@id="obtBrowseRefApplication"]'.</msg>
<status status="PASS" starttime="20220831 17:06:44.302" endtime="20220831 17:06:44.998"/>
</kw>
<status status="PASS" starttime="20220831 17:06:44.300" endtime="20220831 17:06:44.998"/>
</kw>
<kw name="Wait Until Element Is Visible" library="Selenium2Library">
<arg>xpath=//*[@id="odvModalContent2"]/div[1]/div/div[1]/label</arg>
<arg>50</arg>
<doc>Waits until the element ``locator`` is visible.</doc>
<status status="PASS" starttime="20220831 17:06:45.000" endtime="20220831 17:06:46.583"/>
</kw>
<kw name="Wait Until Page Contains" library="Selenium2Library">
<arg>แสดงข้อมูล : Port Printer</arg>
<arg>50</arg>
<doc>Waits until ``text`` appears on the current page.</doc>
<status status="PASS" starttime="20220831 17:06:46.584" endtime="20220831 17:06:46.936"/>
</kw>
<kw name="click">
<arg>xpath=//table[@id='otbBrowserList']/tbody/tr[10]/td[2]</arg>
<kw name="Click Element" library="Selenium2Library">
<arg>${element}</arg>
<doc>Click the element identified by ``locator``.</doc>
<msg timestamp="20220831 17:06:46.939" level="INFO">Clicking element 'xpath=//table[@id='otbBrowserList']/tbody/tr[10]/td[2]'.</msg>
<status status="PASS" starttime="20220831 17:06:46.938" endtime="20220831 17:06:47.649"/>
</kw>
<status status="PASS" starttime="20220831 17:06:46.937" endtime="20220831 17:06:47.650"/>
</kw>
<kw name="Wait Until Element Is Visible" library="Selenium2Library">
<arg>xpath=//button[@onclick="JCNxConfirmSelected('oCmpBrowsePortPrint')"]</arg>
<arg>50</arg>
<doc>Waits until the element ``locator`` is visible.</doc>
<status status="PASS" starttime="20220831 17:06:47.652" endtime="20220831 17:06:48.314"/>
</kw>
<kw name="click">
<arg>xpath=//button[@onclick="JCNxConfirmSelected('oCmpBrowsePortPrint')"]</arg>
<kw name="Click Element" library="Selenium2Library">
<arg>${element}</arg>
<doc>Click the element identified by ``locator``.</doc>
<msg timestamp="20220831 17:06:48.318" level="INFO">Clicking element 'xpath=//button[@onclick="JCNxConfirmSelected('oCmpBrowsePortPrint')"]'.</msg>
<status status="PASS" starttime="20220831 17:06:48.317" endtime="20220831 17:06:49.011"/>
</kw>
<status status="PASS" starttime="20220831 17:06:48.316" endtime="20220831 17:06:49.011"/>
</kw>
<kw name="Wait Until Element Is Visible" library="Selenium2Library">
<arg>xpath=//*[@id="odvBtnAddEdit"]/div/button[1]</arg>
<arg>50</arg>
<doc>Waits until the element ``locator`` is visible.</doc>
<status status="PASS" starttime="20220831 17:06:49.012" endtime="20220831 17:06:49.660"/>
</kw>
<kw name="click">
<arg>xpath=//*[@id="odvBtnAddEdit"]/div/button[1]</arg>
<kw name="Click Element" library="Selenium2Library">
<arg>${element}</arg>
<doc>Click the element identified by ``locator``.</doc>
<msg timestamp="20220831 17:06:49.664" level="INFO">Clicking element 'xpath=//*[@id="odvBtnAddEdit"]/div/button[1]'.</msg>
<status status="PASS" starttime="20220831 17:06:49.663" endtime="20220831 17:06:50.931"/>
</kw>
<status status="PASS" starttime="20220831 17:06:49.662" endtime="20220831 17:06:50.931"/>
</kw>
<kw name="Wait Until Element Is Visible" library="Selenium2Library">
<arg>xpath=//*[@id="odvBtnAddEdit"]/button</arg>
<arg>50</arg>
<doc>Waits until the element ``locator`` is visible.</doc>
<status status="PASS" starttime="20220831 17:06:50.932" endtime="20220831 17:06:51.583"/>
</kw>
<kw name="click">
<arg>xpath=//*[@id="odvBtnAddEdit"]/button</arg>
<kw name="Click Element" library="Selenium2Library">
<arg>${element}</arg>
<doc>Click the element identified by ``locator``.</doc>
<msg timestamp="20220831 17:06:51.585" level="INFO">Clicking element 'xpath=//*[@id="odvBtnAddEdit"]/button'.</msg>
<status status="PASS" starttime="20220831 17:06:51.584" endtime="20220831 17:06:52.558"/>
</kw>
<status status="PASS" starttime="20220831 17:06:51.584" endtime="20220831 17:06:52.558"/>
</kw>
<kw name="Close Browser" library="Selenium2Library" type="TEARDOWN">
<doc>Closes the current browser.</doc>
<status status="PASS" starttime="20220831 17:06:52.560" endtime="20220831 17:06:54.981"/>
</kw>
<status status="PASS" starttime="20220831 17:06:12.106" endtime="20220831 17:06:54.982"/>
</test>
<test id="s1-t8" name="Printer_Edit_Del" line="289">
<kw name="Run Keywords" library="BuiltIn" type="SETUP">
<arg>Open Browser</arg>
<arg>${URL}</arg>
<arg>${BROWSER}</arg>
<arg>AND</arg>
<arg>Set Selenium Speed</arg>
<arg>${SELSPEED}</arg>
<doc>Executes all the given keywords in a sequence.</doc>
<kw name="Open Browser" library="Selenium2Library">
<arg>${URL}</arg>
<arg>${BROWSER}</arg>
<doc>Opens a new browser instance to the optional ``url``.</doc>
<msg timestamp="20220831 17:06:54.989" level="INFO">Opening browser 'chrome' to base url 'https://dev.ada-soft.com/AdaSiamKubota/login'.</msg>
<status status="PASS" starttime="20220831 17:06:54.988" endtime="20220831 17:06:58.076"/>
</kw>
<kw name="Set Selenium Speed" library="Selenium2Library">
<arg>${SELSPEED}</arg>
<doc>Sets the delay that is waited after each Selenium command.</doc>
<status status="PASS" starttime="20220831 17:06:58.077" endtime="20220831 17:06:58.079"/>
</kw>
<status status="PASS" starttime="20220831 17:06:54.987" endtime="20220831 17:06:58.079"/>
</kw>
<kw name="Maximize Browser Window" library="Selenium2Library">
<doc>Maximizes current browser window.</doc>
<status status="PASS" starttime="20220831 17:06:58.081" endtime="20220831 17:06:58.526"/>
</kw>
<kw name="type">
<arg>id=oetUsername</arg>
<arg>${USERNAME}</arg>
<kw name="Input Text" library="Selenium2Library">
<arg>${element}</arg>
<arg>${value}</arg>
<doc>Types the given ``text`` into the text field identified by ``locator``.</doc>
<msg timestamp="20220831 17:06:58.530" level="INFO">Typing text '009' into text field 'id=oetUsername'.</msg>
<status status="PASS" starttime="20220831 17:06:58.529" endtime="20220831 17:06:59.566"/>
</kw>
<status status="PASS" starttime="20220831 17:06:58.527" endtime="20220831 17:06:59.566"/>
</kw>
<kw name="type">
<arg>id=oetPassword</arg>
<arg>${PASSWORD}</arg>
<kw name="Input Text" library="Selenium2Library">
<arg>${element}</arg>
<arg>${value}</arg>
<doc>Types the given ``text`` into the text field identified by ``locator``.</doc>
<msg timestamp="20220831 17:06:59.568" level="INFO">Typing text '123456' into text field 'id=oetPassword'.</msg>
<status status="PASS" starttime="20220831 17:06:59.567" endtime="20220831 17:07:00.577"/>
</kw>
<status status="PASS" starttime="20220831 17:06:59.567" endtime="20220831 17:07:00.577"/>
</kw>
<kw name="click">
<arg>xpath=//button[@id='obtLOGConfirmLogin']/span</arg>
<kw name="Click Element" library="Selenium2Library">
<arg>${element}</arg>
<doc>Click the element identified by ``locator``.</doc>
<msg timestamp="20220831 17:07:00.579" level="INFO">Clicking element 'xpath=//button[@id='obtLOGConfirmLogin']/span'.</msg>
<status status="PASS" starttime="20220831 17:07:00.579" endtime="20220831 17:07:01.257"/>
</kw>
<status status="PASS" starttime="20220831 17:07:00.578" endtime="20220831 17:07:01.257"/>
</kw>
<kw name="Wait Until Page Contains" library="Selenium2Library">
<arg>บริษัทสยามคูโบต้าคอร์ปอเรชั่น จำกัด</arg>
<arg>50</arg>
<doc>Waits until ``text`` appears on the current page.</doc>
<status status="PASS" starttime="20220831 17:07:01.258" endtime="20220831 17:07:07.898"/>
</kw>
<kw name="Get Text" library="Selenium2Library">
<var>${response}</var>
<arg>xpath=//*[@id="spnCompanyName"]</arg>
<doc>Returns the text value of the element identified by ``locator``.</doc>
<msg timestamp="20220831 17:07:08.537" level="INFO">${response} = บริษัทสยามคูโบต้าคอร์ปอเรชั่น จำกัด</msg>
<status status="PASS" starttime="20220831 17:07:07.898" endtime="20220831 17:07:08.537"/>
</kw>
<kw name="Should Be Equal As Strings" library="BuiltIn">
<arg>${response}</arg>
<arg>บริษัทสยามคูโบต้าคอร์ปอเรชั่น จำกัด</arg>
<doc>Fails if objects are unequal after converting them to strings.</doc>
<status status="PASS" starttime="20220831 17:07:08.539" endtime="20220831 17:07:08.540"/>
</kw>
<kw name="click">
<arg>xpath=//div[@id='wrapper']/div[2]/div[3]/button/img</arg>
<kw name="Click Element" library="Selenium2Library">
<arg>${element}</arg>
<doc>Click the element identified by ``locator``.</doc>
<msg timestamp="20220831 17:07:08.544" level="INFO">Clicking element 'xpath=//div[@id='wrapper']/div[2]/div[3]/button/img'.</msg>
<status status="PASS" starttime="20220831 17:07:08.543" endtime="20220831 17:07:09.237"/>
</kw>
<status status="PASS" starttime="20220831 17:07:08.541" endtime="20220831 17:07:09.238"/>
</kw>
<kw name="Wait Until Page Contains" library="Selenium2Library">
<arg>ข้อมูลหลัก</arg>
<arg>50</arg>
<doc>Waits until ``text`` appears on the current page.</doc>
<status status="PASS" starttime="20220831 17:07:09.239" endtime="20220831 17:07:09.579"/>
</kw>
<kw name="click">
<arg>xpath=//*[@id="oNavMenuMAS"]/ul/li/ul/li[3]/a/span</arg>
<kw name="Click Element" library="Selenium2Library">
<arg>${element}</arg>
<doc>Click the element identified by ``locator``.</doc>
<msg timestamp="20220831 17:07:09.583" level="INFO">Clicking element 'xpath=//*[@id="oNavMenuMAS"]/ul/li/ul/li[3]/a/span'.</msg>
<status status="PASS" starttime="20220831 17:07:09.582" endtime="20220831 17:07:10.296"/>
</kw>
<status status="PASS" starttime="20220831 17:07:09.580" endtime="20220831 17:07:10.297"/>
</kw>
<kw name="Wait Until Page Contains" library="Selenium2Library">
<arg>เครื่องพิมพ์</arg>
<arg>50</arg>
<doc>Waits until ``text`` appears on the current page.</doc>
<status status="PASS" starttime="20220831 17:07:10.298" endtime="20220831 17:07:10.653"/>
</kw>
<kw name="Get Text" library="Selenium2Library">
<var>${response}</var>
<arg>xpath=//*[@id="MASSPS"]/ul/li[6]/a</arg>
<doc>Returns the text value of the element identified by ``locator``.</doc>
<msg timestamp="20220831 17:07:11.306" level="INFO">${response} = เครื่องพิมพ์</msg>
<status status="PASS" starttime="20220831 17:07:10.654" endtime="20220831 17:07:11.306"/>
</kw>
<kw name="Should Be Equal As Strings" library="BuiltIn">
<arg>${response}</arg>
<arg>เครื่องพิมพ์</arg>
<doc>Fails if objects are unequal after converting them to strings.</doc>
<status status="PASS" starttime="20220831 17:07:11.306" endtime="20220831 17:07:11.306"/>
</kw>
<kw name="click">
<arg>xpath=//*[@id="MASSPS"]/ul/li[6]/a</arg>
<kw name="Click Element" library="Selenium2Library">
<arg>${element}</arg>
<doc>Click the element identified by ``locator``.</doc>
<msg timestamp="20220831 17:07:11.308" level="INFO">Clicking element 'xpath=//*[@id="MASSPS"]/ul/li[6]/a'.</msg>
<status status="PASS" starttime="20220831 17:07:11.307" endtime="20220831 17:07:12.395"/>
</kw>
<status status="PASS" starttime="20220831 17:07:11.307" endtime="20220831 17:07:12.395"/>
</kw>
<kw name="Wait Until Element Is Visible" library="Selenium2Library">
<arg>xpath=//*[@id="oliSprTitle"]</arg>
<arg>50</arg>
<doc>Waits until the element ``locator`` is visible.</doc>
<status status="PASS" starttime="20220831 17:07:12.395" endtime="20220831 17:07:13.431"/>
</kw>
<kw name="Wait Until Page Contains" library="Selenium2Library">
<arg>ปริ้นเตอร์</arg>
<arg>50</arg>
<doc>Waits until ``text`` appears on the current page.</doc>
<status status="PASS" starttime="20220831 17:07:13.432" endtime="20220831 17:07:13.773"/>
</kw>
<kw name="click">
<arg>xpath=//button[@onclick="JSvSetprinterClickPage('next')"]</arg>
<kw name="Click Element" library="Selenium2Library">
<arg>${element}</arg>
<doc>Click the element identified by ``locator``.</doc>
<msg timestamp="20220831 17:07:13.777" level="INFO">Clicking element 'xpath=//button[@onclick="JSvSetprinterClickPage('next')"]'.</msg>
<status status="PASS" starttime="20220831 17:07:13.775" endtime="20220831 17:07:14.456"/>
</kw>
<status status="PASS" starttime="20220831 17:07:13.774" endtime="20220831 17:07:14.456"/>
</kw>
<kw name="Wait Until Element Is Visible" library="Selenium2Library">
<arg>xpath=//*[@id="oliSprTitle"]</arg>
<arg>50</arg>
<doc>Waits until the element ``locator`` is visible.</doc>
<status status="PASS" starttime="20220831 17:07:14.457" endtime="20220831 17:07:15.108"/>
</kw>
<kw name="Get WebElement" library="Selenium2Library">
<var>${EDCK}</var>
<arg>xpath=//img[@title='แก้ไข']</arg>
<doc>Returns the first WebElement matching the given ``locator``.</doc>
<msg timestamp="20220831 17:07:15.449" level="INFO">${EDCK} = &lt;selenium.webdriver.remote.webelement.WebElement (session="c014cda70abb818f555fad52afa1c716", element="43103176-f555-446d-bfa2-e09e1cbc268f")&gt;</msg>
<status status="PASS" starttime="20220831 17:07:15.109" endtime="20220831 17:07:15.449"/>
</kw>
<kw name="Execute Javascript" library="Selenium2Library">
<arg>arguments[0].click();</arg>
<arg>ARGUMENTS</arg>
<arg>${EDCK}</arg>
<doc>Executes the given JavaScript code with possible arguments.</doc>
<msg timestamp="20220831 17:07:15.452" level="INFO">Executing JavaScript:
arguments[0].click();
By using argument:
'&lt;selenium.webdriver.remote.webelement.WebElement (session="c014cda70abb818f555fad52afa1c716", element="43103176-f555-446d-bfa2-e09e1cbc268f")&gt;'</msg>
<status status="PASS" starttime="20220831 17:07:15.450" endtime="20220831 17:07:15.777"/>
</kw>
<kw name="Wait Until Element Is Visible" library="Selenium2Library">
<arg>xpath=//*[@id="oliSprTitleEdit"]/a</arg>
<arg>50</arg>
<doc>Waits until the element ``locator`` is visible.</doc>
<status status="PASS" starttime="20220831 17:07:15.777" endtime="20220831 17:07:16.842"/>
</kw>
<kw name="Wait Until Page Contains" library="Selenium2Library">
<arg>แก้ไขปริ้นเตอร์</arg>
<arg>50</arg>
<doc>Waits until ``text`` appears on the current page.</doc>
<status status="PASS" starttime="20220831 17:07:16.843" endtime="20220831 17:07:17.197"/>
</kw>
<kw name="Get WebElement" library="Selenium2Library">
<var>${EDCK}</var>
<arg>xpath=//*[@id="oetSprName"]</arg>
<doc>Returns the first WebElement matching the given ``locator``.</doc>
<msg timestamp="20220831 17:07:17.538" level="INFO">${EDCK} = &lt;selenium.webdriver.remote.webelement.WebElement (session="c014cda70abb818f555fad52afa1c716", element="131207d4-ff13-46c6-9a78-01bf83acc91a")&gt;</msg>
<status status="PASS" starttime="20220831 17:07:17.198" endtime="20220831 17:07:17.538"/>
</kw>
<kw name="Execute Javascript" library="Selenium2Library">
<arg>arguments[0].click();</arg>
<arg>ARGUMENTS</arg>
<arg>${EDCK}</arg>
<doc>Executes the given JavaScript code with possible arguments.</doc>
<msg timestamp="20220831 17:07:17.541" level="INFO">Executing JavaScript:
arguments[0].click();
By using argument:
'&lt;selenium.webdriver.remote.webelement.WebElement (session="c014cda70abb818f555fad52afa1c716", element="131207d4-ff13-46c6-9a78-01bf83acc91a")&gt;'</msg>
<status status="PASS" starttime="20220831 17:07:17.539" endtime="20220831 17:07:17.861"/>
</kw>
<kw name="Clear Element Text" library="Selenium2Library">
<arg>xpath=//*[@id="oetSprName"]</arg>
<doc>Clears the value of the text-input-element identified by ``locator``.</doc>
<status status="PASS" starttime="20220831 17:07:17.862" endtime="20220831 17:07:18.556"/>
</kw>
<kw name="Input Text" library="Selenium2Library">
<arg>id=oetSprName</arg>
<arg>Bar-Printer</arg>
<doc>Types the given ``text`` into the text field identified by ``locator``.</doc>
<msg timestamp="20220831 17:07:18.557" level="INFO">Typing text 'Bar-Printer' into text field 'id=oetSprName'.</msg>
<status status="PASS" starttime="20220831 17:07:18.557" endtime="20220831 17:07:19.592"/>
</kw>
<kw name="click">
<arg>xpath=//*[@id="odvBtnAddEdit"]/div/button[1]</arg>
<kw name="Click Element" library="Selenium2Library">
<arg>${element}</arg>
<doc>Click the element identified by ``locator``.</doc>
<msg timestamp="20220831 17:07:19.593" level="INFO">Clicking element 'xpath=//*[@id="odvBtnAddEdit"]/div/button[1]'.</msg>
<status status="PASS" starttime="20220831 17:07:19.593" endtime="20220831 17:07:21.111"/>
</kw>
<status status="PASS" starttime="20220831 17:07:19.592" endtime="20220831 17:07:21.111"/>
</kw>
<kw name="Wait Until Element Is Visible" library="Selenium2Library">
<arg>xpath=//*[@id="odvBtnAddEdit"]/button</arg>
<arg>50</arg>
<doc>Waits until the element ``locator`` is visible.</doc>
<status status="PASS" starttime="20220831 17:07:21.112" endtime="20220831 17:07:21.761"/>
</kw>
<kw name="click">
<arg>xpath=//*[@id="odvBtnAddEdit"]/button</arg>
<kw name="Click Element" library="Selenium2Library">
<arg>${element}</arg>
<doc>Click the element identified by ``locator``.</doc>
<msg timestamp="20220831 17:07:21.762" level="INFO">Clicking element 'xpath=//*[@id="odvBtnAddEdit"]/button'.</msg>
<msg timestamp="20220831 17:07:23.696" level="INFO" html="true">&lt;/td&gt;&lt;/tr&gt;&lt;tr&gt;&lt;td colspan="3"&gt;&lt;a href="selenium-screenshot-3.png"&gt;&lt;img src="selenium-screenshot-3.png" width="800px"&gt;&lt;/a&gt;</msg>
<msg timestamp="20220831 17:07:23.696" level="FAIL">ElementClickInterceptedException: Message: element click intercepted: Element &lt;button onclick="JSvCallPageSetprinter()" class="btn xCNBTNDefult xCNBTNDefult2Btn" type="button"&gt;...&lt;/button&gt; is not clickable at point (1750, 87). Other element would receive the click: &lt;div class="xCNOverlay" style="display: block; opacity: 0.0144;"&gt;...&lt;/div&gt;
  (Session info: chrome=104.0.5112.102)
Stacktrace:
Backtrace:
	Ordinal0 [0x0034AF23+2207523]
	Ordinal0 [0x002E30E1+1781985]
	Ordinal0 [0x001F3FE8+802792]
	Ordinal0 [0x00228A84+1018500]
	Ordinal0 [0x00226A48+1010248]
	Ordinal0 [0x0022472B+1001259]
	Ordinal0 [0x00223489+996489]
	Ordinal0 [0x00219023+954403]
	Ordinal0 [0x0023D5EC+1103340]
	Ordinal0 [0x00218A04+952836]
	Ordinal0 [0x0023D804+1103876]
	Ordinal0 [0x0024D9F2+1169906]
	Ordinal0 [0x0023D406+1102854]
	Ordinal0 [0x002175F0+947696]
	Ordinal0 [0x002184E6+951526]
	GetHandleVerifier [0x005F2A12+2733954]
	GetHandleVerifier [0x005E4E28+2677656]
	GetHandleVerifier [0x003D46EA+513114]
	GetHandleVerifier [0x003D3796+509190]
	Ordinal0 [0x002E9CEB+1809643]
	Ordinal0 [0x002EE448+1827912]
	Ordinal0 [0x002EE535+1828149]
	Ordinal0 [0x002F7960+1866080]
	BaseThreadInitThunk [0x75D86739+25]
	RtlGetFullPathName_UEx [0x77A590AF+1215]
	RtlGetFullPathName_UEx [0x77A5907D+1165]
</msg>
<status status="FAIL" starttime="20220831 17:07:21.762" endtime="20220831 17:07:23.736"/>
</kw>
<status status="FAIL" starttime="20220831 17:07:21.761" endtime="20220831 17:07:23.737"/>
</kw>
<kw name="Wait Until Element Is Visible" library="Selenium2Library">
<arg>xpath=//*[@id="oliSprTitle"]</arg>
<arg>50</arg>
<doc>Waits until the element ``locator`` is visible.</doc>
<status status="NOT RUN" starttime="20220831 17:07:23.737" endtime="20220831 17:07:23.737"/>
</kw>
<kw name="Wait Until Page Contains" library="Selenium2Library">
<arg>ปริ้นเตอร์</arg>
<arg>50</arg>
<doc>Waits until ``text`` appears on the current page.</doc>
<status status="NOT RUN" starttime="20220831 17:07:23.738" endtime="20220831 17:07:23.738"/>
</kw>
<kw name="click">
<arg>xpath=//button[@onclick="JSvSetprinterClickPage('next')"]</arg>
<status status="NOT RUN" starttime="20220831 17:07:23.738" endtime="20220831 17:07:23.738"/>
</kw>
<kw name="Wait Until Element Is Visible" library="Selenium2Library">
<arg>xpath=//*[@id="oliSprTitle"]</arg>
<arg>50</arg>
<doc>Waits until the element ``locator`` is visible.</doc>
<status status="NOT RUN" starttime="20220831 17:07:23.739" endtime="20220831 17:07:23.739"/>
</kw>
<kw name="click">
<arg>xpath=//img[@title='ลบ']</arg>
<status status="NOT RUN" starttime="20220831 17:07:23.739" endtime="20220831 17:07:23.739"/>
</kw>
<kw name="Wait Until Element Is Visible" library="Selenium2Library">
<arg>xpath=//*[@id="ospConfirmDelete"]</arg>
<arg>50</arg>
<doc>Waits until the element ``locator`` is visible.</doc>
<status status="NOT RUN" starttime="20220831 17:07:23.740" endtime="20220831 17:07:23.740"/>
</kw>
<kw name="Wait Until Element Is Visible" library="Selenium2Library">
<arg>xpath=//*[@id="osmConfirm"]</arg>
<arg>50</arg>
<doc>Waits until the element ``locator`` is visible.</doc>
<status status="NOT RUN" starttime="20220831 17:07:23.740" endtime="20220831 17:07:23.740"/>
</kw>
<kw name="Set Variable" library="BuiltIn">
<var>${pNameChk}</var>
<arg>ยืนยันการลบข้อมูล :019 (Bar-Printer)</arg>
<doc>Returns the given values which can then be assigned to a variables.</doc>
<status status="NOT RUN" starttime="20220831 17:07:23.741" endtime="20220831 17:07:23.741"/>
</kw>
<kw name="Get Text" library="Selenium2Library">
<var>${pName}</var>
<arg>xpath=//*[@id="ospConfirmDelete"]</arg>
<doc>Returns the text value of the element identified by ``locator``.</doc>
<status status="NOT RUN" starttime="20220831 17:07:23.741" endtime="20220831 17:07:23.741"/>
</kw>
<if>
<branch type="IF" condition="&quot;${pName}&quot; == &quot;${pNameChk}&quot;">
<kw name="TextEQ">
<status status="NOT RUN" starttime="20220831 17:07:23.742" endtime="20220831 17:07:23.742"/>
</kw>
<kw name="Sleep" library="BuiltIn">
<arg>5s</arg>
<doc>Pauses the test executed for the given time.</doc>
<status status="NOT RUN" starttime="20220831 17:07:23.742" endtime="20220831 17:07:23.742"/>
</kw>
<status status="NOT RUN" starttime="20220831 17:07:23.742" endtime="20220831 17:07:23.742"/>
</branch>
<branch type="ELSE">
<kw name="TextNEQ">
<status status="NOT RUN" starttime="20220831 17:07:23.742" endtime="20220831 17:07:23.742"/>
</kw>
<kw name="Sleep" library="BuiltIn">
<arg>5s</arg>
<doc>Pauses the test executed for the given time.</doc>
<status status="NOT RUN" starttime="20220831 17:07:23.742" endtime="20220831 17:07:23.742"/>
</kw>
<status status="NOT RUN" starttime="20220831 17:07:23.742" endtime="20220831 17:07:23.743"/>
</branch>
<status status="NOT RUN" starttime="20220831 17:07:23.742" endtime="20220831 17:07:23.743"/>
</if>
<kw name="Close Browser" library="Selenium2Library" type="TEARDOWN">
<doc>Closes the current browser.</doc>
<status status="PASS" starttime="20220831 17:07:23.743" endtime="20220831 17:07:26.162"/>
</kw>
<status status="FAIL" starttime="20220831 17:06:54.986" endtime="20220831 17:07:26.163">ElementClickInterceptedException: Message: element click intercepted: Element &lt;button onclick="JSvCallPageSetprinter()" class="btn xCNBTNDefult xCNBTNDefult2Btn" type="button"&gt;...&lt;/button&gt; is not clickable at point (1750, 87). Other element would receive the click: &lt;div class="xCNOverlay" style="display: block; opacity: 0.0144;"&gt;...&lt;/div&gt;
  (Session info: chrome=104.0.5112.102)
Stacktrace:
Backtrace:
	Ordinal0 [0x0034AF23+2207523]
	Ordinal0 [0x002E30E1+1781985]
	Ordinal0 [0x001F3FE8+802792]
	Ordinal0 [0x00228A84+1018500]
	Ordinal0 [0x00226A48+1010248]
	Ordinal0 [0x0022472B+1001259]
	Ordinal0 [0x00223489+996489]
	Ordinal0 [0x00219023+954403]
	Ordinal0 [0x0023D5EC+1103340]
	Ordinal0 [0x00218A04+952836]
	Ordinal0 [0x0023D804+1103876]
	Ordinal0 [0x0024D9F2+1169906]
	Ordinal0 [0x0023D406+1102854]
	Ordinal0 [0x002175F0+947696]
	Ordinal0 [0x002184E6+951526]
	GetHandleVerifier [0x005F2A12+2733954]
	GetHandleVerifier [0x005E4E28+2677656]
	GetHandleVerifier [0x003D46EA+513114]
	GetHandleVerifier [0x003D3796+509190]
	Ordinal0 [0x002E9CEB+1809643]
	Ordinal0 [0x002EE448+1827912]
	Ordinal0 [0x002EE535+1828149]
	Ordinal0 [0x002F7960+1866080]
	BaseThreadInitThunk [0x75D86739+25]
	RtlGetFullPathName_UEx [0x77A590AF+1215]
	RtlGetFullPathName_UEx [0x77A5907D+1165]
</status>
</test>
<doc>SKC AUTOMATION TEST</doc>
<status status="FAIL" starttime="20220831 17:02:57.632" endtime="20220831 17:07:26.166"/>
</suite>
<statistics>
<total>
<stat pass="7" fail="1" skip="0">All Tests</stat>
</total>
<tag>
</tag>
<suite>
<stat pass="7" fail="1" skip="0" id="s1" name="Skc">Skc</stat>
</suite>
</statistics>
<errors>
</errors>
</robot>
