<?xml version="1.0" encoding="UTF-8"?>
<robot generator="Robot 5.1a2 (Python 3.8.7 on win32)" generated="20221003 20:06:12.468" rpa="false" schemaversion="3">
<suite id="s1" name="SKC-TestScript" source="G:\Ada V.5.0\ADA SKC\PJ\SKC-TestScript.robot">
<test id="s1-t1" name="Login_FC" line="14">
<kw name="Run Keywords" library="BuiltIn" type="SETUP">
<arg>Open Browser</arg>
<arg>${URL}</arg>
<arg>${BROWSER}</arg>
<arg>AND</arg>
<arg>Set Selenium Speed</arg>
<arg>${SELSPEED}</arg>
<doc>Executes all the given keywords in a sequence.</doc>
<kw name="Open Browser" library="Selenium2Library">
<arg>${URL}</arg>
<arg>${BROWSER}</arg>
<doc>Opens a new browser instance to the optional ``url``.</doc>
<msg timestamp="20221003 20:06:12.981" level="INFO">Opening browser 'chrome' to base url 'http://sit.ada-soft.com:8999/login'.</msg>
<status status="PASS" starttime="20221003 20:06:12.980" endtime="20221003 20:06:16.480"/>
</kw>
<kw name="Set Selenium Speed" library="Selenium2Library">
<arg>${SELSPEED}</arg>
<doc>Sets the delay that is waited after each Selenium command.</doc>
<status status="PASS" starttime="20221003 20:06:16.481" endtime="20221003 20:06:16.482"/>
</kw>
<status status="PASS" starttime="20221003 20:06:12.980" endtime="20221003 20:06:16.482"/>
</kw>
<kw name="Maximize Browser Window" library="Selenium2Library">
<doc>Maximizes current browser window.</doc>
<status status="PASS" starttime="20221003 20:06:16.483" endtime="20221003 20:06:17.163"/>
</kw>
<kw name="type">
<arg>id=oetUsername</arg>
<arg>009</arg>
<kw name="Input Text" library="Selenium2Library">
<arg>${element}</arg>
<arg>${value}</arg>
<doc>Types the given ``text`` into the text field identified by ``locator``.</doc>
<msg timestamp="20221003 20:06:17.164" level="INFO">Typing text '009' into text field 'id=oetUsername'.</msg>
<status status="PASS" starttime="20221003 20:06:17.164" endtime="20221003 20:06:18.770"/>
</kw>
<status status="PASS" starttime="20221003 20:06:17.163" endtime="20221003 20:06:18.770"/>
</kw>
<kw name="type">
<arg>id=oetPassword</arg>
<arg>123456789</arg>
<kw name="Input Text" library="Selenium2Library">
<arg>${element}</arg>
<arg>${value}</arg>
<doc>Types the given ``text`` into the text field identified by ``locator``.</doc>
<msg timestamp="20221003 20:06:18.772" level="INFO">Typing text '123456789' into text field 'id=oetPassword'.</msg>
<status status="PASS" starttime="20221003 20:06:18.771" endtime="20221003 20:06:20.410"/>
</kw>
<status status="PASS" starttime="20221003 20:06:18.770" endtime="20221003 20:06:20.410"/>
</kw>
<kw name="click">
<arg>xpath=//button[@id='obtLOGConfirmLogin']/span</arg>
<kw name="Click Element" library="Selenium2Library">
<arg>${element}</arg>
<doc>Click the element identified by ``locator``.</doc>
<msg timestamp="20221003 20:06:20.412" level="INFO">Clicking element 'xpath=//button[@id='obtLOGConfirmLogin']/span'.</msg>
<status status="PASS" starttime="20221003 20:06:20.411" endtime="20221003 20:06:21.486"/>
</kw>
<status status="PASS" starttime="20221003 20:06:20.410" endtime="20221003 20:06:21.486"/>
</kw>
<kw name="Wait Until Element Is Visible" library="Selenium2Library">
<arg>xpath=//*[@id="ospUsrOrPwNotCorrect"]</arg>
<arg>20</arg>
<doc>Waits until the element ``locator`` is visible.</doc>
<status status="PASS" starttime="20221003 20:06:21.487" endtime="20221003 20:06:23.776"/>
</kw>
<kw name="Wait Until Page Contains" library="Selenium2Library">
<arg>ชื่อผู้ใช้หรือรหัสผ่านไม่ถูกต้อง</arg>
<arg>50</arg>
<doc>Waits until ``text`` appears on the current page.</doc>
<status status="PASS" starttime="20221003 20:06:23.776" endtime="20221003 20:06:24.294"/>
</kw>
<kw name="Get Text" library="Selenium2Library">
<var>${response}</var>
<arg>xpath=//*[@id="ospUsrOrPwNotCorrect"]</arg>
<doc>Returns the text value of the element identified by ``locator``.</doc>
<msg timestamp="20221003 20:06:25.337" level="INFO">${response} = ชื่อผู้ใช้หรือรหัสผ่านไม่ถูกต้อง</msg>
<status status="PASS" starttime="20221003 20:06:24.294" endtime="20221003 20:06:25.337"/>
</kw>
<kw name="Should Be Equal As Strings" library="BuiltIn">
<arg>${response}</arg>
<arg>ชื่อผู้ใช้หรือรหัสผ่านไม่ถูกต้อง</arg>
<doc>Fails if objects are unequal after converting them to strings.</doc>
<status status="PASS" starttime="20221003 20:06:25.337" endtime="20221003 20:06:25.338"/>
</kw>
<kw name="Close Browser" library="Selenium2Library" type="TEARDOWN">
<doc>Closes the current browser.</doc>
<status status="PASS" starttime="20221003 20:06:25.338" endtime="20221003 20:06:27.940"/>
</kw>
<status status="PASS" starttime="20221003 20:06:12.979" endtime="20221003 20:06:27.941"/>
</test>
<test id="s1-t2" name="Branch-Create" line="38">
<kw name="Run Keywords" library="BuiltIn" type="SETUP">
<arg>Open Browser</arg>
<arg>http://sit.ada-soft.com:8999/login</arg>
<arg>${BROWSER}</arg>
<arg>AND</arg>
<arg>Set Selenium Speed</arg>
<arg>${SELSPEED}</arg>
<doc>Executes all the given keywords in a sequence.</doc>
<kw name="Open Browser" library="Selenium2Library">
<arg>http://sit.ada-soft.com:8999/login</arg>
<arg>${BROWSER}</arg>
<doc>Opens a new browser instance to the optional ``url``.</doc>
<msg timestamp="20221003 20:06:27.944" level="INFO">Opening browser 'chrome' to base url 'http://sit.ada-soft.com:8999/login'.</msg>
<status status="PASS" starttime="20221003 20:06:27.944" endtime="20221003 20:06:32.454"/>
</kw>
<kw name="Set Selenium Speed" library="Selenium2Library">
<arg>${SELSPEED}</arg>
<doc>Sets the delay that is waited after each Selenium command.</doc>
<status status="PASS" starttime="20221003 20:06:32.454" endtime="20221003 20:06:32.454"/>
</kw>
<status status="PASS" starttime="20221003 20:06:27.943" endtime="20221003 20:06:32.454"/>
</kw>
<kw name="type">
<arg>id=oetUsername</arg>
<arg>009</arg>
<kw name="Input Text" library="Selenium2Library">
<arg>${element}</arg>
<arg>${value}</arg>
<doc>Types the given ``text`` into the text field identified by ``locator``.</doc>
<msg timestamp="20221003 20:06:32.456" level="INFO">Typing text '009' into text field 'id=oetUsername'.</msg>
<status status="PASS" starttime="20221003 20:06:32.456" endtime="20221003 20:06:34.072"/>
</kw>
<status status="PASS" starttime="20221003 20:06:32.455" endtime="20221003 20:06:34.072"/>
</kw>
<kw name="type">
<arg>id=oetPassword</arg>
<arg>123456</arg>
<kw name="Input Text" library="Selenium2Library">
<arg>${element}</arg>
<arg>${value}</arg>
<doc>Types the given ``text`` into the text field identified by ``locator``.</doc>
<msg timestamp="20221003 20:06:34.075" level="INFO">Typing text '123456' into text field 'id=oetPassword'.</msg>
<status status="PASS" starttime="20221003 20:06:34.074" endtime="20221003 20:06:35.725"/>
</kw>
<status status="PASS" starttime="20221003 20:06:34.073" endtime="20221003 20:06:35.725"/>
</kw>
<kw name="click">
<arg>id=obtLOGConfirmLogin</arg>
<kw name="Click Element" library="Selenium2Library">
<arg>${element}</arg>
<doc>Click the element identified by ``locator``.</doc>
<msg timestamp="20221003 20:06:35.727" level="INFO">Clicking element 'id=obtLOGConfirmLogin'.</msg>
<status status="PASS" starttime="20221003 20:06:35.726" endtime="20221003 20:06:36.801"/>
</kw>
<status status="PASS" starttime="20221003 20:06:35.726" endtime="20221003 20:06:36.801"/>
</kw>
<kw name="open">
<arg>http://sit.ada-soft.com:8999/</arg>
<kw name="Go To" library="Selenium2Library">
<arg>${element}</arg>
<doc>Navigates the current browser window to the provided ``url``.</doc>
<msg timestamp="20221003 20:06:36.802" level="INFO">Opening url 'http://sit.ada-soft.com:8999/'</msg>
<status status="PASS" starttime="20221003 20:06:36.802" endtime="20221003 20:06:41.849"/>
</kw>
<status status="PASS" starttime="20221003 20:06:36.802" endtime="20221003 20:06:41.849"/>
</kw>
<kw name="click">
<arg>xpath=//div[@id='wrapper']/div[2]/div[3]/button/img</arg>
<kw name="Click Element" library="Selenium2Library">
<arg>${element}</arg>
<doc>Click the element identified by ``locator``.</doc>
<msg timestamp="20221003 20:06:41.851" level="INFO">Clicking element 'xpath=//div[@id='wrapper']/div[2]/div[3]/button/img'.</msg>
<status status="PASS" starttime="20221003 20:06:41.850" endtime="20221003 20:06:42.923"/>
</kw>
<status status="PASS" starttime="20221003 20:06:41.850" endtime="20221003 20:06:42.923"/>
</kw>
<kw name="click">
<arg>xpath=//nav[@id='oNavMenuMAS']/ul/li/ul/li[2]/a/span</arg>
<kw name="Click Element" library="Selenium2Library">
<arg>${element}</arg>
<doc>Click the element identified by ``locator``.</doc>
<msg timestamp="20221003 20:06:42.925" level="INFO">Clicking element 'xpath=//nav[@id='oNavMenuMAS']/ul/li/ul/li[2]/a/span'.</msg>
<status status="PASS" starttime="20221003 20:06:42.925" endtime="20221003 20:06:43.998"/>
</kw>
<status status="PASS" starttime="20221003 20:06:42.924" endtime="20221003 20:06:43.998"/>
</kw>
<kw name="click">
<arg>link=สาขา</arg>
<kw name="Click Element" library="Selenium2Library">
<arg>${element}</arg>
<doc>Click the element identified by ``locator``.</doc>
<msg timestamp="20221003 20:06:44.000" level="INFO">Clicking element 'link=สาขา'.</msg>
<status status="PASS" starttime="20221003 20:06:43.999" endtime="20221003 20:06:46.092"/>
</kw>
<status status="PASS" starttime="20221003 20:06:43.999" endtime="20221003 20:06:46.092"/>
</kw>
<kw name="click">
<arg>xpath=//div[@id='odvBtnBchInfo']/button</arg>
<kw name="Click Element" library="Selenium2Library">
<arg>${element}</arg>
<doc>Click the element identified by ``locator``.</doc>
<msg timestamp="20221003 20:06:46.094" level="INFO">Clicking element 'xpath=//div[@id='odvBtnBchInfo']/button'.</msg>
<msg timestamp="20221003 20:06:50.395" level="INFO" html="true">&lt;/td&gt;&lt;/tr&gt;&lt;tr&gt;&lt;td colspan="3"&gt;&lt;a href="selenium-screenshot-1.png"&gt;&lt;img src="selenium-screenshot-1.png" width="800px"&gt;&lt;/a&gt;</msg>
<msg timestamp="20221003 20:06:50.395" level="FAIL">ElementClickInterceptedException: Message: element click intercepted: Element &lt;button class="xCNBTNPrimeryPlus" type="button" onclick="JSvBCHCallPageBranchAdd('','','');"&gt;...&lt;/button&gt; is not clickable at point (896, 90). Other element would receive the click: &lt;div class="xCNOverlay" style="display: block;"&gt;...&lt;/div&gt;
  (Session info: chrome=106.0.5249.91)
</msg>
<status status="FAIL" starttime="20221003 20:06:46.093" endtime="20221003 20:06:50.408"/>
</kw>
<status status="FAIL" starttime="20221003 20:06:46.093" endtime="20221003 20:06:50.408"/>
</kw>
<kw name="type">
<arg>id=oetBchName</arg>
<status status="NOT RUN" starttime="20221003 20:06:50.409" endtime="20221003 20:06:50.409"/>
</kw>
<kw name="type">
<arg>id=oetBchName</arg>
<arg>Create by Automaion</arg>
<status status="NOT RUN" starttime="20221003 20:06:50.410" endtime="20221003 20:06:50.410"/>
</kw>
<kw name="click">
<arg>xpath=//button[@id='oimBchBrowseCountry']/img</arg>
<status status="NOT RUN" starttime="20221003 20:06:50.410" endtime="20221003 20:06:50.410"/>
</kw>
<kw name="click">
<arg>xpath=//table[@id='otbBrowserList']/tbody/tr/td[2]</arg>
<status status="NOT RUN" starttime="20221003 20:06:50.411" endtime="20221003 20:06:50.411"/>
</kw>
<kw name="click">
<arg>xpath=//button[@onclick="JCNxConfirmSelected('oBchBrowseCountry')"]</arg>
<status status="NOT RUN" starttime="20221003 20:06:50.411" endtime="20221003 20:06:50.411"/>
</kw>
<kw name="click">
<arg>xpath=//button[@id='oimBchBrowsePpl']/img</arg>
<status status="NOT RUN" starttime="20221003 20:06:50.412" endtime="20221003 20:06:50.412"/>
</kw>
<kw name="click">
<arg>xpath=//table[@id='otbBrowserList']/tbody/tr[3]/td[2]</arg>
<status status="NOT RUN" starttime="20221003 20:06:50.412" endtime="20221003 20:06:50.412"/>
</kw>
<kw name="click">
<arg>xpath=//button[@onclick="JCNxConfirmSelected('oBchBrowsePpl')"]</arg>
<status status="NOT RUN" starttime="20221003 20:06:50.413" endtime="20221003 20:06:50.413"/>
</kw>
<kw name="click">
<arg>id=oetBchRegNo</arg>
<status status="NOT RUN" starttime="20221003 20:06:50.413" endtime="20221003 20:06:50.414"/>
</kw>
<kw name="type">
<arg>id=oetBchRegNo</arg>
<arg>0123456</arg>
<status status="NOT RUN" starttime="20221003 20:06:50.414" endtime="20221003 20:06:50.414"/>
</kw>
<kw name="click">
<arg>xpath=//div[@id='odvBtnCmpEditInfo']/div/button</arg>
<status status="NOT RUN" starttime="20221003 20:06:50.415" endtime="20221003 20:06:50.415"/>
</kw>
<kw name="click">
<arg>link=ที่อยู่</arg>
<status status="NOT RUN" starttime="20221003 20:06:50.415" endtime="20221003 20:06:50.415"/>
</kw>
<kw name="click">
<arg>id=obtBranchAddressCallPageAdd</arg>
<status status="NOT RUN" starttime="20221003 20:06:50.416" endtime="20221003 20:06:50.416"/>
</kw>
<kw name="click">
<arg>id=oetBranchAddressName</arg>
<status status="NOT RUN" starttime="20221003 20:06:50.416" endtime="20221003 20:06:50.416"/>
</kw>
<kw name="type">
<arg>id=oetBranchAddressName</arg>
<arg>Company Create by Automation</arg>
<status status="NOT RUN" starttime="20221003 20:06:50.417" endtime="20221003 20:06:50.417"/>
</kw>
<kw name="type">
<arg>id=oetBranchAddressTaxNo</arg>
<arg>212224238248</arg>
<status status="NOT RUN" starttime="20221003 20:06:50.417" endtime="20221003 20:06:50.417"/>
</kw>
<kw name="type">
<arg>id=oetBranchAddressWeb</arg>
<arg>www.google.co.th</arg>
<status status="NOT RUN" starttime="20221003 20:06:50.418" endtime="20221003 20:06:50.418"/>
</kw>
<kw name="type">
<arg>id=oetBranchAddressNo</arg>
<arg>99</arg>
<status status="NOT RUN" starttime="20221003 20:06:50.418" endtime="20221003 20:06:50.418"/>
</kw>
<kw name="type">
<arg>id=oetBranchAddressVillage</arg>
<arg>Sinthanee Create by Automation</arg>
<status status="NOT RUN" starttime="20221003 20:06:50.419" endtime="20221003 20:06:50.419"/>
</kw>
<kw name="type">
<arg>id=oetBranchAddressRoad</arg>
<arg>รอบเวียง</arg>
<status status="NOT RUN" starttime="20221003 20:06:50.419" endtime="20221003 20:06:50.419"/>
</kw>
<kw name="type">
<arg>id=oetBranchAddressSoi</arg>
<arg>ภัคมินฮา 33</arg>
<status status="NOT RUN" starttime="20221003 20:06:50.420" endtime="20221003 20:06:50.420"/>
</kw>
<kw name="Execute Javascript" library="Selenium2Library">
<arg>window.scrollTo(0,200)</arg>
<doc>Executes the given JavaScript code with possible arguments.</doc>
<status status="NOT RUN" starttime="20221003 20:06:50.420" endtime="20221003 20:06:50.420"/>
</kw>
<kw name="click">
<arg>xpath=//img[contains(@src,'http://sit.ada-soft.com:8999/application/modules/common/assets/images/icons/find-24.png')]</arg>
<status status="NOT RUN" starttime="20221003 20:06:50.421" endtime="20221003 20:06:50.421"/>
</kw>
<kw name="click">
<arg>xpath=//table[@id='otbBrowserList']/tbody/tr/td[2]</arg>
<status status="NOT RUN" starttime="20221003 20:06:50.422" endtime="20221003 20:06:50.422"/>
</kw>
<kw name="click">
<arg>xpath=//button[@onclick="JCNxConfirmSelected('oBranchAddressProvinceOption')"]</arg>
<status status="NOT RUN" starttime="20221003 20:06:50.423" endtime="20221003 20:06:50.423"/>
</kw>
<kw name="click">
<arg>xpath=//button[@id='obtBranchAddressBrowseDistrict']/img</arg>
<status status="NOT RUN" starttime="20221003 20:06:50.424" endtime="20221003 20:06:50.424"/>
</kw>
<kw name="click">
<arg>xpath=//table[@id='otbBrowserList']/tbody/tr/td[2]</arg>
<status status="NOT RUN" starttime="20221003 20:06:50.424" endtime="20221003 20:06:50.424"/>
</kw>
<kw name="click">
<arg>xpath=//button[@onclick="JCNxConfirmSelected('oBranchAddressDistrictOption')"]</arg>
<status status="NOT RUN" starttime="20221003 20:06:50.426" endtime="20221003 20:06:50.426"/>
</kw>
<kw name="click">
<arg>xpath=//button[@id='obtBranchAddressBrowseSubDistrict']/img</arg>
<status status="NOT RUN" starttime="20221003 20:06:50.427" endtime="20221003 20:06:50.427"/>
</kw>
<kw name="click">
<arg>xpath=//table[@id='otbBrowserList']/tbody/tr/td[2]</arg>
<status status="NOT RUN" starttime="20221003 20:06:50.428" endtime="20221003 20:06:50.428"/>
</kw>
<kw name="click">
<arg>xpath=//button[@onclick="JCNxConfirmSelected('oBranchAddressSubDistrictOption')"]</arg>
<status status="NOT RUN" starttime="20221003 20:06:50.428" endtime="20221003 20:06:50.429"/>
</kw>
<kw name="click">
<arg>id=oetBranchAddressPostCode</arg>
<status status="NOT RUN" starttime="20221003 20:06:50.429" endtime="20221003 20:06:50.430"/>
</kw>
<kw name="type">
<arg>id=oetBranchAddressPostCode</arg>
<arg>57000</arg>
<status status="NOT RUN" starttime="20221003 20:06:50.430" endtime="20221003 20:06:50.430"/>
</kw>
<kw name="type">
<arg>id=oetBranchAddressRmk</arg>
<arg>Create by Automation</arg>
<status status="NOT RUN" starttime="20221003 20:06:50.431" endtime="20221003 20:06:50.431"/>
</kw>
<kw name="Execute Javascript" library="Selenium2Library">
<arg>window.scrollTo(0,0)</arg>
<doc>Executes the given JavaScript code with possible arguments.</doc>
<status status="NOT RUN" starttime="20221003 20:06:50.431" endtime="20221003 20:06:50.431"/>
</kw>
<kw name="click">
<arg>id=obtBranchAddressSave</arg>
<status status="NOT RUN" starttime="20221003 20:06:50.432" endtime="20221003 20:06:50.432"/>
</kw>
<kw name="click">
<arg>id=oliBCHTitle</arg>
<status status="NOT RUN" starttime="20221003 20:06:50.432" endtime="20221003 20:06:50.432"/>
</kw>
<kw name="Close Browser" library="Selenium2Library" type="TEARDOWN">
<doc>Closes the current browser.</doc>
<status status="PASS" starttime="20221003 20:06:50.433" endtime="20221003 20:06:53.057"/>
</kw>
<status status="FAIL" starttime="20221003 20:06:27.942" endtime="20221003 20:06:53.057">ElementClickInterceptedException: Message: element click intercepted: Element &lt;button class="xCNBTNPrimeryPlus" type="button" onclick="JSvBCHCallPageBranchAdd('','','');"&gt;...&lt;/button&gt; is not clickable at point (896, 90). Other element would receive the click: &lt;div class="xCNOverlay" style="display: block;"&gt;...&lt;/div&gt;
  (Session info: chrome=106.0.5249.91)
</status>
</test>
<doc>SKC AUTOMATION TEST</doc>
<status status="FAIL" starttime="20221003 20:06:12.471" endtime="20221003 20:06:53.060"/>
</suite>
<statistics>
<total>
<stat pass="1" fail="1" skip="0">All Tests</stat>
</total>
<tag>
</tag>
<suite>
<stat pass="1" fail="1" skip="0" id="s1" name="SKC-TestScript">SKC-TestScript</stat>
</suite>
</statistics>
<errors>
</errors>
</robot>
